Using pre-set license
Built from '2020.3/release' branch; Version is '2020.3.12f1 (b3b2c6512326) revision 11776710'; Using compiler version '192528614'; Build Type 'Release'
OS: 'Windows 10 Home Single Language; OS build 19043.1586; Version 2009; 64bit' Language: 'es' Physical Memory: 12171 MB
BatchMode: 1, IsHumanControllingUs: 0, StartBugReporterOnCrash: 0, Is64bit: 1, IsPro: 0

 COMMAND LINE ARGUMENTS:
C:\Program Files\Unity\Hub\Editor\2020.3.12f1\Editor\Unity.exe
-adb2
-batchMode
-noUpm
-name
AssetImportWorker1
-projectPath
C:/Users/User/Downloads/TangibleTest
-logFile
Logs/AssetImportWorker1.log
-srvPort
50674
Successfully changed project path to: C:/Users/User/Downloads/TangibleTest
C:/Users/User/Downloads/TangibleTest
Using Asset Import Pipeline V2.
Refreshing native plugins compatible for Editor in 97.78 ms, found 4 plugins.
Preloading 0 native plugins for Editor in 0.00 ms.
Initialize engine version: 2020.3.12f1 (b3b2c6512326)
[Subsystems] Discovering subsystems at path C:/Program Files/Unity/Hub/Editor/2020.3.12f1/Editor/Data/Resources/UnitySubsystems
[Subsystems] Discovering subsystems at path C:/Users/User/Downloads/TangibleTest/Assets
GfxDevice: creating device client; threaded=0
Direct3D:
    Version:  Direct3D 11.0 [level 11.0]
    Renderer: NVIDIA GeForce GTX 860M (ID=0x1392)
    Vendor:   
    VRAM:     4065 MB
    Driver:   23.21.13.8857
Shader 'Universal Render Pipeline/Particles/Lit': fallback shader 'Universal Render Pipeline/Particles/SimpleLit' not found
Initialize mono
Mono path[0] = 'C:/Program Files/Unity/Hub/Editor/2020.3.12f1/Editor/Data/Managed'
Mono path[1] = 'C:/Program Files/Unity/Hub/Editor/2020.3.12f1/Editor/Data/MonoBleedingEdge/lib/mono/unityjit'
Mono config path = 'C:/Program Files/Unity/Hub/Editor/2020.3.12f1/Editor/Data/MonoBleedingEdge/etc'
Using monoOptions --debugger-agent=transport=dt_socket,embedding=1,server=y,suspend=n,address=127.0.0.1:56816
Begin MonoManager ReloadAssembly
Registering precompiled unity dll's ...
Register platform support module: C:/Program Files/Unity/Hub/Editor/2020.3.12f1/Editor/Data/PlaybackEngines/WindowsStandaloneSupport/UnityEditor.WindowsStandalone.Extensions.dll
Registered in 0.002442 seconds.
Native extension for WindowsStandalone target not found
Refreshing native plugins compatible for Editor in 65.67 ms, found 4 plugins.
Preloading 0 native plugins for Editor in 0.00 ms.
Mono: successfully reloaded assembly
- Completed reload, in 11.651 seconds
Platform modules already initialized, skipping
Registering precompiled user dll's ...
Registered in 0.017177 seconds.
Begin MonoManager ReloadAssembly
Native extension for WindowsStandalone target not found
Refreshing native plugins compatible for Editor in 66.67 ms, found 4 plugins.
Preloading 0 native plugins for Editor in 0.00 ms.
Mono: successfully reloaded assembly
- Completed reload, in  1.687 seconds
Platform modules already initialized, skipping
========================================================================
Worker process is ready to serve import requests
Shader 'Universal Render Pipeline/Particles/Lit': fallback shader 'Universal Render Pipeline/Particles/SimpleLit' not found
Launched and connected shader compiler UnityShaderCompiler.exe after 0.06 seconds
Refreshing native plugins compatible for Editor in 0.82 ms, found 4 plugins.
Preloading 0 native plugins for Editor in 0.00 ms.
Unloading 3349 Unused Serialized files (Serialized files now loaded: 0)
System memory in use before: 147.1 MB.
System memory in use after: 145.5 MB.

Unloading 265 unused Assets to reduce memory usage. Loaded Objects now: 3594.
Total: 3.947900 ms (FindLiveObjects: 0.351600 ms CreateObjectMapping: 0.175100 ms MarkObjects: 2.550400 ms  DeleteObjects: 0.869900 ms)

AssetImportParameters requested are different than current active one (requested -> active):
  custom:framework-win-MediaFoundation: 216162199b28c13a410421893ffa2e32 -> 
  custom:video-decoder-ogg-theora: a1e56fd34408186e4bbccfd4996cb3dc -> 
  custom:container-muxer-webm: aa71ff27fc2769a1b78a27578f13a17b -> 
  custom:container-demuxer-webm: 4f35f7cbe854078d1ac9338744f61a02 -> 
  custom:container-demuxer-ogg: 62fdf1f143b41e24485cea50d1cbac27 -> 
  custom:video-encoder-webm-vp8: eb34c28f22e8b96e1ab97ce403110664 -> 
  custom:video-decoder-webm-vp8: 9c59270c3fd7afecdb556c50c9e8de78 -> 
  custom:audio-decoder-ogg-vorbis: bf7c407c2cedff20999df2af8eb42d56 -> 
  custom:audio-encoder-webm-vorbis: bf7c407c2cedff20999df2af8eb42d56 -> 
========================================================================
Received Import Request.
  path: Assets/Scenes/SampleScene.unity
  artifactKey: Guid(9fc0d4010bbf28b4594072e72b8655ab) Importer(815301076,1909f56bfc062723c751e8b465ee728b)
Start importing Assets/Scenes/SampleScene.unity using Guid(9fc0d4010bbf28b4594072e72b8655ab) Importer(815301076,1909f56bfc062723c751e8b465ee728b)  -> (artifact id: 'f0984c13167908ad1886b1a398231a1f') in 0.020478 seconds 
  Import took 0.027159 seconds .

========================================================================
Received Import Request.
  Time since last request: 230.317745 seconds.
  path: Assets/Prefabs/Item.prefab
  artifactKey: Guid(e2c36bcd221754248ac1e8579e55306e) Importer(815301076,1909f56bfc062723c751e8b465ee728b)
Start importing Assets/Prefabs/Item.prefab using Guid(e2c36bcd221754248ac1e8579e55306e) Importer(815301076,1909f56bfc062723c751e8b465ee728b)  -> (artifact id: 'a85c966397af3012241b318a8e5229da') in 0.070144 seconds 
  Import took 0.078708 seconds .

========================================================================
Received Import Request.
  Time since last request: 64.841660 seconds.
  path: Assets/Scenes/SampleScene.unity
  artifactKey: Guid(9fc0d4010bbf28b4594072e72b8655ab) Importer(815301076,1909f56bfc062723c751e8b465ee728b)
Start importing Assets/Scenes/SampleScene.unity using Guid(9fc0d4010bbf28b4594072e72b8655ab) Importer(815301076,1909f56bfc062723c751e8b465ee728b)  -> (artifact id: 'bda0f5f09c3d924d90d736242d335fa6') in 0.002559 seconds 
  Import took 0.009279 seconds .

========================================================================
Received Import Request.
  Time since last request: 0.011086 seconds.
  path: Assets/Scenes/SampleScene.unity
  artifactKey: Guid(9fc0d4010bbf28b4594072e72b8655ab) Importer(815301076,1909f56bfc062723c751e8b465ee728b)
Start importing Assets/Scenes/SampleScene.unity using Guid(9fc0d4010bbf28b4594072e72b8655ab) Importer(815301076,1909f56bfc062723c751e8b465ee728b)  -> (artifact id: 'bda0f5f09c3d924d90d736242d335fa6') in 0.002500 seconds 
  Import took 0.009031 seconds .

========================================================================
Received Import Request.
  Time since last request: 33.954639 seconds.
  path: Assets/Prefabs/Item.prefab
  artifactKey: Guid(e2c36bcd221754248ac1e8579e55306e) Importer(815301076,1909f56bfc062723c751e8b465ee728b)
Start importing Assets/Prefabs/Item.prefab using Guid(e2c36bcd221754248ac1e8579e55306e) Importer(815301076,1909f56bfc062723c751e8b465ee728b)  -> (artifact id: 'fa5c54e6d7e62fc238a6d3017666d521') in 0.009191 seconds 
  Import took 0.016491 seconds .

========================================================================
Received Import Request.
  Time since last request: 5.264897 seconds.
  path: Assets/Prefabs/Item.prefab
  artifactKey: Guid(e2c36bcd221754248ac1e8579e55306e) Importer(815301076,1909f56bfc062723c751e8b465ee728b)
Start importing Assets/Prefabs/Item.prefab using Guid(e2c36bcd221754248ac1e8579e55306e) Importer(815301076,1909f56bfc062723c751e8b465ee728b)  -> (artifact id: '83700662ce0828a0fca55da5d671bd33') in 0.009671 seconds 
  Import took 0.015914 seconds .

========================================================================
Received Import Request.
  Time since last request: 37.005342 seconds.
  path: Assets/Scenes/ARScene.unity
  artifactKey: Guid(d4c5da051cc31524f8d58ae72a410f4c) Importer(815301076,1909f56bfc062723c751e8b465ee728b)
Start importing Assets/Scenes/ARScene.unity using Guid(d4c5da051cc31524f8d58ae72a410f4c) Importer(815301076,1909f56bfc062723c751e8b465ee728b)  -> (artifact id: '0954480b32ec856de67f35c65fdcf46a') in 0.002696 seconds 
  Import took 0.010164 seconds .

========================================================================
Received Prepare
Shader 'Universal Render Pipeline/Particles/Lit': fallback shader 'Universal Render Pipeline/Particles/SimpleLit' not found
Refreshing native plugins compatible for Editor in 14.82 ms, found 4 plugins.
Preloading 0 native plugins for Editor in 0.00 ms.
Unloading 42 Unused Serialized files (Serialized files now loaded: 0)
System memory in use before: 70.8 MB.
System memory in use after: 71.0 MB.

Unloading 43 unused Assets to reduce memory usage. Loaded Objects now: 3597.
Total: 4.879600 ms (FindLiveObjects: 0.494400 ms CreateObjectMapping: 0.381500 ms MarkObjects: 3.900600 ms  DeleteObjects: 0.101900 ms)

AssetImportParameters requested are different than current active one (requested -> active):
  custom:framework-win-MediaFoundation: 216162199b28c13a410421893ffa2e32 -> 
  custom:video-decoder-ogg-theora: a1e56fd34408186e4bbccfd4996cb3dc -> 
  custom:container-muxer-webm: aa71ff27fc2769a1b78a27578f13a17b -> 
  custom:container-demuxer-webm: 4f35f7cbe854078d1ac9338744f61a02 -> 
  custom:container-demuxer-ogg: 62fdf1f143b41e24485cea50d1cbac27 -> 
  custom:video-encoder-webm-vp8: eb34c28f22e8b96e1ab97ce403110664 -> 
  custom:video-decoder-webm-vp8: 9c59270c3fd7afecdb556c50c9e8de78 -> 
  custom:audio-decoder-ogg-vorbis: bf7c407c2cedff20999df2af8eb42d56 -> 
  custom:audio-encoder-webm-vorbis: bf7c407c2cedff20999df2af8eb42d56 -> 
========================================================================
Received Prepare
Registering precompiled user dll's ...
Registered in 0.019294 seconds.
Begin MonoManager ReloadAssembly
Native extension for WindowsStandalone target not found
Refreshing native plugins compatible for Editor in 0.93 ms, found 4 plugins.
Preloading 0 native plugins for Editor in 0.00 ms.
TriLib is configured to use the 'UniversalRPMaterialMapper' Material Mapper. If you want to use different Material Mappers, you can change this setting on the Project Settings/TriLib area.
UnityEngine.StackTraceUtility:ExtractStackTrace ()
UnityEngine.DebugLogHandler:LogFormat (UnityEngine.LogType,UnityEngine.Object,string,object[])
UnityEngine.Logger:Log (UnityEngine.LogType,object)
UnityEngine.Debug:Log (object)
TriLibCore.Editor.CheckMappers:Initialize () (at Assets/TriLib/TriLibCore/Editor/Scripts/CheckMappers.cs:38)

(Filename: Assets/TriLib/TriLibCore/Editor/Scripts/CheckMappers.cs Line: 38)

CreateSerializedAsset is not supported while importing out-of-process
UnityEngine.StackTraceUtility:ExtractStackTrace ()
TriLibCore.TriLibSettings:GetTriLibPreferences () (at Assets/TriLib/TriLibCore/Scripts/TriLibSettings.cs:35)
TriLibCore.TriLibSettings:SetBool (string,bool) (at Assets/TriLib/TriLibCore/Scripts/TriLibSettings.cs:69)
TriLibCore.Editor.CheckMappers:Initialize () (at Assets/TriLib/TriLibCore/Editor/Scripts/CheckMappers.cs:39)

[Assets/TriLib/TriLibCore/Scripts/TriLibSettings.cs line 35]

UnityException: Creating asset at path Assets/TriLib/TriLibCore/Resources/TriLibSettings.asset failed.
  at (wrapper managed-to-native) UnityEditor.AssetDatabase.CreateAsset(UnityEngine.Object,string)
  at TriLibCore.TriLibSettings.GetTriLibPreferences () [0x00041] in C:\Users\User\Downloads\TangibleTest\Assets\TriLib\TriLibCore\Scripts\TriLibSettings.cs:35 
  at TriLibCore.TriLibSettings.SetBool (System.String key, System.Boolean value) [0x00001] in C:\Users\User\Downloads\TangibleTest\Assets\TriLib\TriLibCore\Scripts\TriLibSettings.cs:69 
  at TriLibCore.Editor.CheckMappers.Initialize () [0x0009b] in C:\Users\User\Downloads\TangibleTest\Assets\TriLib\TriLibCore\Editor\Scripts\CheckMappers.cs:39 

(Filename: Assets/TriLib/TriLibCore/Scripts/TriLibSettings.cs Line: 35)

Mono: successfully reloaded assembly
- Completed reload, in  1.517 seconds
Platform modules already initialized, skipping
Switching build target platform(19) subTarget(0) extendedPlatform(0) -> platform(13) subTarget(524288) extendedPlatform(0)
Shader 'Universal Render Pipeline/Particles/Lit': fallback shader 'Universal Render Pipeline/Particles/SimpleLit' not found
Refreshing native plugins compatible for Editor in 0.88 ms, found 4 plugins.
Preloading 0 native plugins for Editor in 0.00 ms.
Unloading 3227 Unused Serialized files (Serialized files now loaded: 0)
System memory in use before: 138.9 MB.
System memory in use after: 137.4 MB.

Unloading 259 unused Assets to reduce memory usage. Loaded Objects now: 3602.
Total: 3.764900 ms (FindLiveObjects: 0.285600 ms CreateObjectMapping: 0.173300 ms MarkObjects: 2.506900 ms  DeleteObjects: 0.797900 ms)

AssetImportParameters requested are different than current active one (requested -> active):
  custom:framework-win-MediaFoundation: 216162199b28c13a410421893ffa2e32 -> 
  custom:video-decoder-ogg-theora: a1e56fd34408186e4bbccfd4996cb3dc -> 
  custom:container-muxer-webm: aa71ff27fc2769a1b78a27578f13a17b -> 
  custom:container-demuxer-webm: 4f35f7cbe854078d1ac9338744f61a02 -> 
  custom:container-demuxer-ogg: 62fdf1f143b41e24485cea50d1cbac27 -> 
  custom:video-encoder-webm-vp8: eb34c28f22e8b96e1ab97ce403110664 -> 
  custom:video-decoder-webm-vp8: 9c59270c3fd7afecdb556c50c9e8de78 -> 
  custom:graphics/normal-map-encoding: 01000000000000000000000000000000 -> 02000000000000000000000000000000
  custom:audio-decoder-ogg-vorbis: bf7c407c2cedff20999df2af8eb42d56 -> 
  custom:audio-encoder-webm-vorbis: bf7c407c2cedff20999df2af8eb42d56 -> 
========================================================================
Received Prepare
Registering precompiled user dll's ...
Registered in 0.013799 seconds.
Begin MonoManager ReloadAssembly
Native extension for WindowsStandalone target not found
Refreshing native plugins compatible for Editor in 0.98 ms, found 4 plugins.
Preloading 0 native plugins for Editor in 0.00 ms.
TriLib is configured to use the 'UniversalRPMaterialMapper' Material Mapper. If you want to use different Material Mappers, you can change this setting on the Project Settings/TriLib area.
UnityEngine.StackTraceUtility:ExtractStackTrace ()
UnityEngine.DebugLogHandler:LogFormat (UnityEngine.LogType,UnityEngine.Object,string,object[])
UnityEngine.Logger:Log (UnityEngine.LogType,object)
UnityEngine.Debug:Log (object)
TriLibCore.Editor.CheckMappers:Initialize () (at Assets/TriLib/TriLibCore/Editor/Scripts/CheckMappers.cs:38)

(Filename: Assets/TriLib/TriLibCore/Editor/Scripts/CheckMappers.cs Line: 38)

CreateSerializedAsset is not supported while importing out-of-process
UnityEngine.StackTraceUtility:ExtractStackTrace ()
TriLibCore.TriLibSettings:GetTriLibPreferences () (at Assets/TriLib/TriLibCore/Scripts/TriLibSettings.cs:35)
TriLibCore.TriLibSettings:SetBool (string,bool) (at Assets/TriLib/TriLibCore/Scripts/TriLibSettings.cs:69)
TriLibCore.Editor.CheckMappers:Initialize () (at Assets/TriLib/TriLibCore/Editor/Scripts/CheckMappers.cs:39)

[Assets/TriLib/TriLibCore/Scripts/TriLibSettings.cs line 35]

UnityException: Creating asset at path Assets/TriLib/TriLibCore/Resources/TriLibSettings.asset failed.
  at (wrapper managed-to-native) UnityEditor.AssetDatabase.CreateAsset(UnityEngine.Object,string)
  at TriLibCore.TriLibSettings.GetTriLibPreferences () [0x00041] in C:\Users\User\Downloads\TangibleTest\Assets\TriLib\TriLibCore\Scripts\TriLibSettings.cs:35 
  at TriLibCore.TriLibSettings.SetBool (System.String key, System.Boolean value) [0x00001] in C:\Users\User\Downloads\TangibleTest\Assets\TriLib\TriLibCore\Scripts\TriLibSettings.cs:69 
  at TriLibCore.Editor.CheckMappers.Initialize () [0x0009b] in C:\Users\User\Downloads\TangibleTest\Assets\TriLib\TriLibCore\Editor\Scripts\CheckMappers.cs:39 

(Filename: Assets/TriLib/TriLibCore/Scripts/TriLibSettings.cs Line: 35)

Mono: successfully reloaded assembly
- Completed reload, in  1.612 seconds
Platform modules already initialized, skipping
Switching build target platform(19) subTarget(0) extendedPlatform(0) -> platform(13) subTarget(524288) extendedPlatform(0)
Shader 'Universal Render Pipeline/Particles/Lit': fallback shader 'Universal Render Pipeline/Particles/SimpleLit' not found
Refreshing native plugins compatible for Editor in 0.91 ms, found 4 plugins.
Preloading 0 native plugins for Editor in 0.00 ms.
Unloading 3227 Unused Serialized files (Serialized files now loaded: 0)
System memory in use before: 139.0 MB.
System memory in use after: 137.4 MB.

Unloading 259 unused Assets to reduce memory usage. Loaded Objects now: 3607.
Total: 4.316300 ms (FindLiveObjects: 0.441600 ms CreateObjectMapping: 0.336900 ms MarkObjects: 2.636600 ms  DeleteObjects: 0.899800 ms)

AssetImportParameters requested are different than current active one (requested -> active):
  custom:framework-win-MediaFoundation: 216162199b28c13a410421893ffa2e32 -> 
  custom:video-decoder-ogg-theora: a1e56fd34408186e4bbccfd4996cb3dc -> 
  custom:container-muxer-webm: aa71ff27fc2769a1b78a27578f13a17b -> 
  custom:container-demuxer-webm: 4f35f7cbe854078d1ac9338744f61a02 -> 
  custom:container-demuxer-ogg: 62fdf1f143b41e24485cea50d1cbac27 -> 
  custom:video-encoder-webm-vp8: eb34c28f22e8b96e1ab97ce403110664 -> 
  custom:video-decoder-webm-vp8: 9c59270c3fd7afecdb556c50c9e8de78 -> 
  custom:graphics/normal-map-encoding: 01000000000000000000000000000000 -> 02000000000000000000000000000000
  custom:audio-decoder-ogg-vorbis: bf7c407c2cedff20999df2af8eb42d56 -> 
  custom:audio-encoder-webm-vorbis: bf7c407c2cedff20999df2af8eb42d56 -> 
========================================================================
Received Prepare
Registering precompiled user dll's ...
Registered in 0.012746 seconds.
Begin MonoManager ReloadAssembly
Native extension for WindowsStandalone target not found
Refreshing native plugins compatible for Editor in 0.96 ms, found 4 plugins.
Preloading 0 native plugins for Editor in 0.00 ms.
TriLib is configured to use the 'UniversalRPMaterialMapper' Material Mapper. If you want to use different Material Mappers, you can change this setting on the Project Settings/TriLib area.
UnityEngine.StackTraceUtility:ExtractStackTrace ()
UnityEngine.DebugLogHandler:LogFormat (UnityEngine.LogType,UnityEngine.Object,string,object[])
UnityEngine.Logger:Log (UnityEngine.LogType,object)
UnityEngine.Debug:Log (object)
TriLibCore.Editor.CheckMappers:Initialize () (at Assets/TriLib/TriLibCore/Editor/Scripts/CheckMappers.cs:38)

(Filename: Assets/TriLib/TriLibCore/Editor/Scripts/CheckMappers.cs Line: 38)

CreateSerializedAsset is not supported while importing out-of-process
UnityEngine.StackTraceUtility:ExtractStackTrace ()
TriLibCore.TriLibSettings:GetTriLibPreferences () (at Assets/TriLib/TriLibCore/Scripts/TriLibSettings.cs:35)
TriLibCore.TriLibSettings:SetBool (string,bool) (at Assets/TriLib/TriLibCore/Scripts/TriLibSettings.cs:69)
TriLibCore.Editor.CheckMappers:Initialize () (at Assets/TriLib/TriLibCore/Editor/Scripts/CheckMappers.cs:39)

[Assets/TriLib/TriLibCore/Scripts/TriLibSettings.cs line 35]

UnityException: Creating asset at path Assets/TriLib/TriLibCore/Resources/TriLibSettings.asset failed.
  at (wrapper managed-to-native) UnityEditor.AssetDatabase.CreateAsset(UnityEngine.Object,string)
  at TriLibCore.TriLibSettings.GetTriLibPreferences () [0x00041] in C:\Users\User\Downloads\TangibleTest\Assets\TriLib\TriLibCore\Scripts\TriLibSettings.cs:35 
  at TriLibCore.TriLibSettings.SetBool (System.String key, System.Boolean value) [0x00001] in C:\Users\User\Downloads\TangibleTest\Assets\TriLib\TriLibCore\Scripts\TriLibSettings.cs:69 
  at TriLibCore.Editor.CheckMappers.Initialize () [0x0009b] in C:\Users\User\Downloads\TangibleTest\Assets\TriLib\TriLibCore\Editor\Scripts\CheckMappers.cs:39 

(Filename: Assets/TriLib/TriLibCore/Scripts/TriLibSettings.cs Line: 35)

Mono: successfully reloaded assembly
- Completed reload, in  1.673 seconds
Platform modules already initialized, skipping
Switching build target platform(19) subTarget(0) extendedPlatform(0) -> platform(13) subTarget(524288) extendedPlatform(0)
Shader 'Universal Render Pipeline/Particles/Lit': fallback shader 'Universal Render Pipeline/Particles/SimpleLit' not found
Refreshing native plugins compatible for Editor in 0.99 ms, found 4 plugins.
Preloading 0 native plugins for Editor in 0.00 ms.
Unloading 3227 Unused Serialized files (Serialized files now loaded: 0)
System memory in use before: 139.0 MB.
System memory in use after: 137.5 MB.

Unloading 259 unused Assets to reduce memory usage. Loaded Objects now: 3612.
Total: 4.019700 ms (FindLiveObjects: 0.302700 ms CreateObjectMapping: 0.163000 ms MarkObjects: 2.781800 ms  DeleteObjects: 0.771000 ms)

AssetImportParameters requested are different than current active one (requested -> active):
  custom:framework-win-MediaFoundation: 216162199b28c13a410421893ffa2e32 -> 
  custom:video-decoder-ogg-theora: a1e56fd34408186e4bbccfd4996cb3dc -> 
  custom:container-muxer-webm: aa71ff27fc2769a1b78a27578f13a17b -> 
  custom:container-demuxer-webm: 4f35f7cbe854078d1ac9338744f61a02 -> 
  custom:container-demuxer-ogg: 62fdf1f143b41e24485cea50d1cbac27 -> 
  custom:video-encoder-webm-vp8: eb34c28f22e8b96e1ab97ce403110664 -> 
  custom:video-decoder-webm-vp8: 9c59270c3fd7afecdb556c50c9e8de78 -> 
  custom:graphics/normal-map-encoding: 01000000000000000000000000000000 -> 02000000000000000000000000000000
  custom:audio-decoder-ogg-vorbis: bf7c407c2cedff20999df2af8eb42d56 -> 
  custom:audio-encoder-webm-vorbis: bf7c407c2cedff20999df2af8eb42d56 -> 
========================================================================
Received Prepare
Registering precompiled user dll's ...
Registered in 0.012580 seconds.
Begin MonoManager ReloadAssembly
Native extension for WindowsStandalone target not found
Refreshing native plugins compatible for Editor in 1.02 ms, found 4 plugins.
Preloading 0 native plugins for Editor in 0.00 ms.
TriLib is configured to use the 'UniversalRPMaterialMapper' Material Mapper. If you want to use different Material Mappers, you can change this setting on the Project Settings/TriLib area.
UnityEngine.StackTraceUtility:ExtractStackTrace ()
UnityEngine.DebugLogHandler:LogFormat (UnityEngine.LogType,UnityEngine.Object,string,object[])
UnityEngine.Logger:Log (UnityEngine.LogType,object)
UnityEngine.Debug:Log (object)
TriLibCore.Editor.CheckMappers:Initialize () (at Assets/TriLib/TriLibCore/Editor/Scripts/CheckMappers.cs:38)

(Filename: Assets/TriLib/TriLibCore/Editor/Scripts/CheckMappers.cs Line: 38)

CreateSerializedAsset is not supported while importing out-of-process
UnityEngine.StackTraceUtility:ExtractStackTrace ()
TriLibCore.TriLibSettings:GetTriLibPreferences () (at Assets/TriLib/TriLibCore/Scripts/TriLibSettings.cs:35)
TriLibCore.TriLibSettings:SetBool (string,bool) (at Assets/TriLib/TriLibCore/Scripts/TriLibSettings.cs:69)
TriLibCore.Editor.CheckMappers:Initialize () (at Assets/TriLib/TriLibCore/Editor/Scripts/CheckMappers.cs:39)

[Assets/TriLib/TriLibCore/Scripts/TriLibSettings.cs line 35]

UnityException: Creating asset at path Assets/TriLib/TriLibCore/Resources/TriLibSettings.asset failed.
  at (wrapper managed-to-native) UnityEditor.AssetDatabase.CreateAsset(UnityEngine.Object,string)
  at TriLibCore.TriLibSettings.GetTriLibPreferences () [0x00041] in C:\Users\User\Downloads\TangibleTest\Assets\TriLib\TriLibCore\Scripts\TriLibSettings.cs:35 
  at TriLibCore.TriLibSettings.SetBool (System.String key, System.Boolean value) [0x00001] in C:\Users\User\Downloads\TangibleTest\Assets\TriLib\TriLibCore\Scripts\TriLibSettings.cs:69 
  at TriLibCore.Editor.CheckMappers.Initialize () [0x0009b] in C:\Users\User\Downloads\TangibleTest\Assets\TriLib\TriLibCore\Editor\Scripts\CheckMappers.cs:39 

(Filename: Assets/TriLib/TriLibCore/Scripts/TriLibSettings.cs Line: 35)

Mono: successfully reloaded assembly
- Completed reload, in  1.922 seconds
Platform modules already initialized, skipping
Switching build target platform(19) subTarget(0) extendedPlatform(0) -> platform(13) subTarget(524288) extendedPlatform(0)
Shader 'Universal Render Pipeline/Particles/Lit': fallback shader 'Universal Render Pipeline/Particles/SimpleLit' not found
Refreshing native plugins compatible for Editor in 0.86 ms, found 4 plugins.
Preloading 0 native plugins for Editor in 0.00 ms.
Unloading 3227 Unused Serialized files (Serialized files now loaded: 0)
System memory in use before: 139.1 MB.
System memory in use after: 137.5 MB.

Unloading 260 unused Assets to reduce memory usage. Loaded Objects now: 3616.
Total: 5.156900 ms (FindLiveObjects: 0.323400 ms CreateObjectMapping: 0.163500 ms MarkObjects: 3.720700 ms  DeleteObjects: 0.947800 ms)

AssetImportParameters requested are different than current active one (requested -> active):
  custom:framework-win-MediaFoundation: 216162199b28c13a410421893ffa2e32 -> 
  custom:video-decoder-ogg-theora: a1e56fd34408186e4bbccfd4996cb3dc -> 
  custom:container-muxer-webm: aa71ff27fc2769a1b78a27578f13a17b -> 
  custom:container-demuxer-webm: 4f35f7cbe854078d1ac9338744f61a02 -> 
  custom:container-demuxer-ogg: 62fdf1f143b41e24485cea50d1cbac27 -> 
  custom:video-encoder-webm-vp8: eb34c28f22e8b96e1ab97ce403110664 -> 
  custom:video-decoder-webm-vp8: 9c59270c3fd7afecdb556c50c9e8de78 -> 
  custom:graphics/normal-map-encoding: 01000000000000000000000000000000 -> 02000000000000000000000000000000
  custom:audio-decoder-ogg-vorbis: bf7c407c2cedff20999df2af8eb42d56 -> 
  custom:audio-encoder-webm-vorbis: bf7c407c2cedff20999df2af8eb42d56 -> 
========================================================================
Received Prepare
Registering precompiled user dll's ...
Registered in 0.012867 seconds.
Begin MonoManager ReloadAssembly
Native extension for WindowsStandalone target not found
Refreshing native plugins compatible for Editor in 0.91 ms, found 4 plugins.
Preloading 0 native plugins for Editor in 0.00 ms.
TriLib is configured to use the 'UniversalRPMaterialMapper' Material Mapper. If you want to use different Material Mappers, you can change this setting on the Project Settings/TriLib area.
UnityEngine.StackTraceUtility:ExtractStackTrace ()
UnityEngine.DebugLogHandler:LogFormat (UnityEngine.LogType,UnityEngine.Object,string,object[])
UnityEngine.Logger:Log (UnityEngine.LogType,object)
UnityEngine.Debug:Log (object)
TriLibCore.Editor.CheckMappers:Initialize () (at Assets/TriLib/TriLibCore/Editor/Scripts/CheckMappers.cs:38)

(Filename: Assets/TriLib/TriLibCore/Editor/Scripts/CheckMappers.cs Line: 38)

CreateSerializedAsset is not supported while importing out-of-process
UnityEngine.StackTraceUtility:ExtractStackTrace ()
TriLibCore.TriLibSettings:GetTriLibPreferences () (at Assets/TriLib/TriLibCore/Scripts/TriLibSettings.cs:35)
TriLibCore.TriLibSettings:SetBool (string,bool) (at Assets/TriLib/TriLibCore/Scripts/TriLibSettings.cs:69)
TriLibCore.Editor.CheckMappers:Initialize () (at Assets/TriLib/TriLibCore/Editor/Scripts/CheckMappers.cs:39)

[Assets/TriLib/TriLibCore/Scripts/TriLibSettings.cs line 35]

UnityException: Creating asset at path Assets/TriLib/TriLibCore/Resources/TriLibSettings.asset failed.
  at (wrapper managed-to-native) UnityEditor.AssetDatabase.CreateAsset(UnityEngine.Object,string)
  at TriLibCore.TriLibSettings.GetTriLibPreferences () [0x00041] in C:\Users\User\Downloads\TangibleTest\Assets\TriLib\TriLibCore\Scripts\TriLibSettings.cs:35 
  at TriLibCore.TriLibSettings.SetBool (System.String key, System.Boolean value) [0x00001] in C:\Users\User\Downloads\TangibleTest\Assets\TriLib\TriLibCore\Scripts\TriLibSettings.cs:69 
  at TriLibCore.Editor.CheckMappers.Initialize () [0x0009b] in C:\Users\User\Downloads\TangibleTest\Assets\TriLib\TriLibCore\Editor\Scripts\CheckMappers.cs:39 

(Filename: Assets/TriLib/TriLibCore/Scripts/TriLibSettings.cs Line: 35)

Mono: successfully reloaded assembly
- Completed reload, in  1.800 seconds
Platform modules already initialized, skipping
Switching build target platform(19) subTarget(0) extendedPlatform(0) -> platform(13) subTarget(524288) extendedPlatform(0)
Shader 'Universal Render Pipeline/Particles/Lit': fallback shader 'Universal Render Pipeline/Particles/SimpleLit' not found
Refreshing native plugins compatible for Editor in 1.43 ms, found 4 plugins.
Preloading 0 native plugins for Editor in 0.00 ms.
Unloading 3228 Unused Serialized files (Serialized files now loaded: 0)
System memory in use before: 139.2 MB.
System memory in use after: 137.6 MB.

Unloading 260 unused Assets to reduce memory usage. Loaded Objects now: 3621.
Total: 4.722100 ms (FindLiveObjects: 0.323000 ms CreateObjectMapping: 0.161500 ms MarkObjects: 3.347400 ms  DeleteObjects: 0.888700 ms)

AssetImportParameters requested are different than current active one (requested -> active):
  custom:framework-win-MediaFoundation: 216162199b28c13a410421893ffa2e32 -> 
  custom:video-decoder-ogg-theora: a1e56fd34408186e4bbccfd4996cb3dc -> 
  custom:container-muxer-webm: aa71ff27fc2769a1b78a27578f13a17b -> 
  custom:container-demuxer-webm: 4f35f7cbe854078d1ac9338744f61a02 -> 
  custom:container-demuxer-ogg: 62fdf1f143b41e24485cea50d1cbac27 -> 
  custom:video-encoder-webm-vp8: eb34c28f22e8b96e1ab97ce403110664 -> 
  custom:video-decoder-webm-vp8: 9c59270c3fd7afecdb556c50c9e8de78 -> 
  custom:graphics/normal-map-encoding: 01000000000000000000000000000000 -> 02000000000000000000000000000000
  custom:audio-decoder-ogg-vorbis: bf7c407c2cedff20999df2af8eb42d56 -> 
  custom:audio-encoder-webm-vorbis: bf7c407c2cedff20999df2af8eb42d56 -> 
========================================================================
Received Prepare
Registering precompiled user dll's ...
Registered in 0.012429 seconds.
Begin MonoManager ReloadAssembly
Native extension for WindowsStandalone target not found
Refreshing native plugins compatible for Editor in 0.99 ms, found 4 plugins.
Preloading 0 native plugins for Editor in 0.00 ms.
TriLib is configured to use the 'UniversalRPMaterialMapper' Material Mapper. If you want to use different Material Mappers, you can change this setting on the Project Settings/TriLib area.
UnityEngine.StackTraceUtility:ExtractStackTrace ()
UnityEngine.DebugLogHandler:LogFormat (UnityEngine.LogType,UnityEngine.Object,string,object[])
UnityEngine.Logger:Log (UnityEngine.LogType,object)
UnityEngine.Debug:Log (object)
TriLibCore.Editor.CheckMappers:Initialize () (at Assets/TriLib/TriLibCore/Editor/Scripts/CheckMappers.cs:38)

(Filename: Assets/TriLib/TriLibCore/Editor/Scripts/CheckMappers.cs Line: 38)

CreateSerializedAsset is not supported while importing out-of-process
UnityEngine.StackTraceUtility:ExtractStackTrace ()
TriLibCore.TriLibSettings:GetTriLibPreferences () (at Assets/TriLib/TriLibCore/Scripts/TriLibSettings.cs:35)
TriLibCore.TriLibSettings:SetBool (string,bool) (at Assets/TriLib/TriLibCore/Scripts/TriLibSettings.cs:69)
TriLibCore.Editor.CheckMappers:Initialize () (at Assets/TriLib/TriLibCore/Editor/Scripts/CheckMappers.cs:39)

[Assets/TriLib/TriLibCore/Scripts/TriLibSettings.cs line 35]

UnityException: Creating asset at path Assets/TriLib/TriLibCore/Resources/TriLibSettings.asset failed.
  at (wrapper managed-to-native) UnityEditor.AssetDatabase.CreateAsset(UnityEngine.Object,string)
  at TriLibCore.TriLibSettings.GetTriLibPreferences () [0x00041] in C:\Users\User\Downloads\TangibleTest\Assets\TriLib\TriLibCore\Scripts\TriLibSettings.cs:35 
  at TriLibCore.TriLibSettings.SetBool (System.String key, System.Boolean value) [0x00001] in C:\Users\User\Downloads\TangibleTest\Assets\TriLib\TriLibCore\Scripts\TriLibSettings.cs:69 
  at TriLibCore.Editor.CheckMappers.Initialize () [0x0009b] in C:\Users\User\Downloads\TangibleTest\Assets\TriLib\TriLibCore\Editor\Scripts\CheckMappers.cs:39 

(Filename: Assets/TriLib/TriLibCore/Scripts/TriLibSettings.cs Line: 35)

Mono: successfully reloaded assembly
- Completed reload, in  1.565 seconds
Platform modules already initialized, skipping
Switching build target platform(19) subTarget(0) extendedPlatform(0) -> platform(13) subTarget(524288) extendedPlatform(0)
Shader 'Universal Render Pipeline/Particles/Lit': fallback shader 'Universal Render Pipeline/Particles/SimpleLit' not found
Refreshing native plugins compatible for Editor in 0.87 ms, found 4 plugins.
Preloading 0 native plugins for Editor in 0.00 ms.
Unloading 3228 Unused Serialized files (Serialized files now loaded: 0)
System memory in use before: 139.2 MB.
System memory in use after: 137.6 MB.

Unloading 260 unused Assets to reduce memory usage. Loaded Objects now: 3626.
Total: 4.320600 ms (FindLiveObjects: 0.425300 ms CreateObjectMapping: 0.152200 ms MarkObjects: 2.877900 ms  DeleteObjects: 0.863800 ms)

AssetImportParameters requested are different than current active one (requested -> active):
  custom:framework-win-MediaFoundation: 216162199b28c13a410421893ffa2e32 -> 
  custom:video-decoder-ogg-theora: a1e56fd34408186e4bbccfd4996cb3dc -> 
  custom:container-muxer-webm: aa71ff27fc2769a1b78a27578f13a17b -> 
  custom:container-demuxer-webm: 4f35f7cbe854078d1ac9338744f61a02 -> 
  custom:container-demuxer-ogg: 62fdf1f143b41e24485cea50d1cbac27 -> 
  custom:video-encoder-webm-vp8: eb34c28f22e8b96e1ab97ce403110664 -> 
  custom:video-decoder-webm-vp8: 9c59270c3fd7afecdb556c50c9e8de78 -> 
  custom:graphics/normal-map-encoding: 01000000000000000000000000000000 -> 02000000000000000000000000000000
  custom:audio-decoder-ogg-vorbis: bf7c407c2cedff20999df2af8eb42d56 -> 
  custom:audio-encoder-webm-vorbis: bf7c407c2cedff20999df2af8eb42d56 -> 
========================================================================
Received Prepare
Registering precompiled user dll's ...
Registered in 0.014020 seconds.
Begin MonoManager ReloadAssembly
Native extension for WindowsStandalone target not found
Refreshing native plugins compatible for Editor in 1.06 ms, found 4 plugins.
Preloading 0 native plugins for Editor in 0.00 ms.
TriLib is configured to use the 'UniversalRPMaterialMapper' Material Mapper. If you want to use different Material Mappers, you can change this setting on the Project Settings/TriLib area.
UnityEngine.StackTraceUtility:ExtractStackTrace ()
UnityEngine.DebugLogHandler:LogFormat (UnityEngine.LogType,UnityEngine.Object,string,object[])
UnityEngine.Logger:Log (UnityEngine.LogType,object)
UnityEngine.Debug:Log (object)
TriLibCore.Editor.CheckMappers:Initialize () (at Assets/TriLib/TriLibCore/Editor/Scripts/CheckMappers.cs:38)

(Filename: Assets/TriLib/TriLibCore/Editor/Scripts/CheckMappers.cs Line: 38)

CreateSerializedAsset is not supported while importing out-of-process
UnityEngine.StackTraceUtility:ExtractStackTrace ()
TriLibCore.TriLibSettings:GetTriLibPreferences () (at Assets/TriLib/TriLibCore/Scripts/TriLibSettings.cs:35)
TriLibCore.TriLibSettings:SetBool (string,bool) (at Assets/TriLib/TriLibCore/Scripts/TriLibSettings.cs:69)
TriLibCore.Editor.CheckMappers:Initialize () (at Assets/TriLib/TriLibCore/Editor/Scripts/CheckMappers.cs:39)

[Assets/TriLib/TriLibCore/Scripts/TriLibSettings.cs line 35]

UnityException: Creating asset at path Assets/TriLib/TriLibCore/Resources/TriLibSettings.asset failed.
  at (wrapper managed-to-native) UnityEditor.AssetDatabase.CreateAsset(UnityEngine.Object,string)
  at TriLibCore.TriLibSettings.GetTriLibPreferences () [0x00041] in C:\Users\User\Downloads\TangibleTest\Assets\TriLib\TriLibCore\Scripts\TriLibSettings.cs:35 
  at TriLibCore.TriLibSettings.SetBool (System.String key, System.Boolean value) [0x00001] in C:\Users\User\Downloads\TangibleTest\Assets\TriLib\TriLibCore\Scripts\TriLibSettings.cs:69 
  at TriLibCore.Editor.CheckMappers.Initialize () [0x0009b] in C:\Users\User\Downloads\TangibleTest\Assets\TriLib\TriLibCore\Editor\Scripts\CheckMappers.cs:39 

(Filename: Assets/TriLib/TriLibCore/Scripts/TriLibSettings.cs Line: 35)

Mono: successfully reloaded assembly
- Completed reload, in  1.972 seconds
Platform modules already initialized, skipping
Switching build target platform(19) subTarget(0) extendedPlatform(0) -> platform(13) subTarget(524288) extendedPlatform(0)
Shader 'Universal Render Pipeline/Particles/Lit': fallback shader 'Universal Render Pipeline/Particles/SimpleLit' not found
Refreshing native plugins compatible for Editor in 0.93 ms, found 4 plugins.
Preloading 0 native plugins for Editor in 0.00 ms.
Unloading 3228 Unused Serialized files (Serialized files now loaded: 0)
System memory in use before: 139.2 MB.
System memory in use after: 137.6 MB.

Unloading 260 unused Assets to reduce memory usage. Loaded Objects now: 3631.
Total: 4.645300 ms (FindLiveObjects: 0.381700 ms CreateObjectMapping: 0.330900 ms MarkObjects: 3.057400 ms  DeleteObjects: 0.874200 ms)

AssetImportParameters requested are different than current active one (requested -> active):
  custom:framework-win-MediaFoundation: 216162199b28c13a410421893ffa2e32 -> 
  custom:video-decoder-ogg-theora: a1e56fd34408186e4bbccfd4996cb3dc -> 
  custom:container-muxer-webm: aa71ff27fc2769a1b78a27578f13a17b -> 
  custom:container-demuxer-webm: 4f35f7cbe854078d1ac9338744f61a02 -> 
  custom:container-demuxer-ogg: 62fdf1f143b41e24485cea50d1cbac27 -> 
  custom:video-encoder-webm-vp8: eb34c28f22e8b96e1ab97ce403110664 -> 
  custom:video-decoder-webm-vp8: 9c59270c3fd7afecdb556c50c9e8de78 -> 
  custom:graphics/normal-map-encoding: 01000000000000000000000000000000 -> 02000000000000000000000000000000
  custom:audio-decoder-ogg-vorbis: bf7c407c2cedff20999df2af8eb42d56 -> 
  custom:audio-encoder-webm-vorbis: bf7c407c2cedff20999df2af8eb42d56 -> 
========================================================================
Received Prepare
Registering precompiled user dll's ...
Registered in 0.012285 seconds.
Begin MonoManager ReloadAssembly
Native extension for WindowsStandalone target not found
Refreshing native plugins compatible for Editor in 0.96 ms, found 4 plugins.
Preloading 0 native plugins for Editor in 0.00 ms.
TriLib is configured to use the 'UniversalRPMaterialMapper' Material Mapper. If you want to use different Material Mappers, you can change this setting on the Project Settings/TriLib area.
UnityEngine.StackTraceUtility:ExtractStackTrace ()
UnityEngine.DebugLogHandler:LogFormat (UnityEngine.LogType,UnityEngine.Object,string,object[])
UnityEngine.Logger:Log (UnityEngine.LogType,object)
UnityEngine.Debug:Log (object)
TriLibCore.Editor.CheckMappers:Initialize () (at Assets/TriLib/TriLibCore/Editor/Scripts/CheckMappers.cs:38)

(Filename: Assets/TriLib/TriLibCore/Editor/Scripts/CheckMappers.cs Line: 38)

CreateSerializedAsset is not supported while importing out-of-process
UnityEngine.StackTraceUtility:ExtractStackTrace ()
TriLibCore.TriLibSettings:GetTriLibPreferences () (at Assets/TriLib/TriLibCore/Scripts/TriLibSettings.cs:35)
TriLibCore.TriLibSettings:SetBool (string,bool) (at Assets/TriLib/TriLibCore/Scripts/TriLibSettings.cs:69)
TriLibCore.Editor.CheckMappers:Initialize () (at Assets/TriLib/TriLibCore/Editor/Scripts/CheckMappers.cs:39)

[Assets/TriLib/TriLibCore/Scripts/TriLibSettings.cs line 35]

UnityException: Creating asset at path Assets/TriLib/TriLibCore/Resources/TriLibSettings.asset failed.
  at (wrapper managed-to-native) UnityEditor.AssetDatabase.CreateAsset(UnityEngine.Object,string)
  at TriLibCore.TriLibSettings.GetTriLibPreferences () [0x00041] in C:\Users\User\Downloads\TangibleTest\Assets\TriLib\TriLibCore\Scripts\TriLibSettings.cs:35 
  at TriLibCore.TriLibSettings.SetBool (System.String key, System.Boolean value) [0x00001] in C:\Users\User\Downloads\TangibleTest\Assets\TriLib\TriLibCore\Scripts\TriLibSettings.cs:69 
  at TriLibCore.Editor.CheckMappers.Initialize () [0x0009b] in C:\Users\User\Downloads\TangibleTest\Assets\TriLib\TriLibCore\Editor\Scripts\CheckMappers.cs:39 

(Filename: Assets/TriLib/TriLibCore/Scripts/TriLibSettings.cs Line: 35)

Mono: successfully reloaded assembly
- Completed reload, in  1.628 seconds
Platform modules already initialized, skipping
Switching build target platform(19) subTarget(0) extendedPlatform(0) -> platform(13) subTarget(524288) extendedPlatform(0)
Shader 'Universal Render Pipeline/Particles/Lit': fallback shader 'Universal Render Pipeline/Particles/SimpleLit' not found
Refreshing native plugins compatible for Editor in 1.19 ms, found 4 plugins.
Preloading 0 native plugins for Editor in 0.00 ms.
Unloading 3228 Unused Serialized files (Serialized files now loaded: 0)
System memory in use before: 139.2 MB.
System memory in use after: 137.7 MB.

Unloading 260 unused Assets to reduce memory usage. Loaded Objects now: 3636.
Total: 4.070300 ms (FindLiveObjects: 0.385400 ms CreateObjectMapping: 0.153200 ms MarkObjects: 2.689600 ms  DeleteObjects: 0.841000 ms)

AssetImportParameters requested are different than current active one (requested -> active):
  custom:framework-win-MediaFoundation: 216162199b28c13a410421893ffa2e32 -> 
  custom:video-decoder-ogg-theora: a1e56fd34408186e4bbccfd4996cb3dc -> 
  custom:container-muxer-webm: aa71ff27fc2769a1b78a27578f13a17b -> 
  custom:container-demuxer-webm: 4f35f7cbe854078d1ac9338744f61a02 -> 
  custom:container-demuxer-ogg: 62fdf1f143b41e24485cea50d1cbac27 -> 
  custom:video-encoder-webm-vp8: eb34c28f22e8b96e1ab97ce403110664 -> 
  custom:video-decoder-webm-vp8: 9c59270c3fd7afecdb556c50c9e8de78 -> 
  custom:graphics/normal-map-encoding: 01000000000000000000000000000000 -> 02000000000000000000000000000000
  custom:audio-decoder-ogg-vorbis: bf7c407c2cedff20999df2af8eb42d56 -> 
  custom:audio-encoder-webm-vorbis: bf7c407c2cedff20999df2af8eb42d56 -> 
========================================================================
Received Prepare
Registering precompiled user dll's ...
Registered in 0.013063 seconds.
Begin MonoManager ReloadAssembly
Native extension for WindowsStandalone target not found
Refreshing native plugins compatible for Editor in 0.94 ms, found 4 plugins.
Preloading 0 native plugins for Editor in 0.00 ms.
TriLib is configured to use the 'UniversalRPMaterialMapper' Material Mapper. If you want to use different Material Mappers, you can change this setting on the Project Settings/TriLib area.
UnityEngine.StackTraceUtility:ExtractStackTrace ()
UnityEngine.DebugLogHandler:LogFormat (UnityEngine.LogType,UnityEngine.Object,string,object[])
UnityEngine.Logger:Log (UnityEngine.LogType,object)
UnityEngine.Debug:Log (object)
TriLibCore.Editor.CheckMappers:Initialize () (at Assets/TriLib/TriLibCore/Editor/Scripts/CheckMappers.cs:38)

(Filename: Assets/TriLib/TriLibCore/Editor/Scripts/CheckMappers.cs Line: 38)

CreateSerializedAsset is not supported while importing out-of-process
UnityEngine.StackTraceUtility:ExtractStackTrace ()
TriLibCore.TriLibSettings:GetTriLibPreferences () (at Assets/TriLib/TriLibCore/Scripts/TriLibSettings.cs:35)
TriLibCore.TriLibSettings:SetBool (string,bool) (at Assets/TriLib/TriLibCore/Scripts/TriLibSettings.cs:69)
TriLibCore.Editor.CheckMappers:Initialize () (at Assets/TriLib/TriLibCore/Editor/Scripts/CheckMappers.cs:39)

[Assets/TriLib/TriLibCore/Scripts/TriLibSettings.cs line 35]

UnityException: Creating asset at path Assets/TriLib/TriLibCore/Resources/TriLibSettings.asset failed.
  at (wrapper managed-to-native) UnityEditor.AssetDatabase.CreateAsset(UnityEngine.Object,string)
  at TriLibCore.TriLibSettings.GetTriLibPreferences () [0x00041] in C:\Users\User\Downloads\TangibleTest\Assets\TriLib\TriLibCore\Scripts\TriLibSettings.cs:35 
  at TriLibCore.TriLibSettings.SetBool (System.String key, System.Boolean value) [0x00001] in C:\Users\User\Downloads\TangibleTest\Assets\TriLib\TriLibCore\Scripts\TriLibSettings.cs:69 
  at TriLibCore.Editor.CheckMappers.Initialize () [0x0009b] in C:\Users\User\Downloads\TangibleTest\Assets\TriLib\TriLibCore\Editor\Scripts\CheckMappers.cs:39 

(Filename: Assets/TriLib/TriLibCore/Scripts/TriLibSettings.cs Line: 35)

Mono: successfully reloaded assembly
- Completed reload, in  1.615 seconds
Platform modules already initialized, skipping
Switching build target platform(19) subTarget(0) extendedPlatform(0) -> platform(13) subTarget(524288) extendedPlatform(0)
Shader 'Universal Render Pipeline/Particles/Lit': fallback shader 'Universal Render Pipeline/Particles/SimpleLit' not found
Refreshing native plugins compatible for Editor in 0.87 ms, found 4 plugins.
Preloading 0 native plugins for Editor in 0.00 ms.
Unloading 3228 Unused Serialized files (Serialized files now loaded: 0)
System memory in use before: 139.2 MB.
System memory in use after: 137.7 MB.

Unloading 260 unused Assets to reduce memory usage. Loaded Objects now: 3641.
Total: 3.996800 ms (FindLiveObjects: 0.396900 ms CreateObjectMapping: 0.154300 ms MarkObjects: 2.610000 ms  DeleteObjects: 0.834300 ms)

AssetImportParameters requested are different than current active one (requested -> active):
  custom:framework-win-MediaFoundation: 216162199b28c13a410421893ffa2e32 -> 
  custom:video-decoder-ogg-theora: a1e56fd34408186e4bbccfd4996cb3dc -> 
  custom:container-muxer-webm: aa71ff27fc2769a1b78a27578f13a17b -> 
  custom:container-demuxer-webm: 4f35f7cbe854078d1ac9338744f61a02 -> 
  custom:container-demuxer-ogg: 62fdf1f143b41e24485cea50d1cbac27 -> 
  custom:video-encoder-webm-vp8: eb34c28f22e8b96e1ab97ce403110664 -> 
  custom:video-decoder-webm-vp8: 9c59270c3fd7afecdb556c50c9e8de78 -> 
  custom:graphics/normal-map-encoding: 01000000000000000000000000000000 -> 02000000000000000000000000000000
  custom:audio-decoder-ogg-vorbis: bf7c407c2cedff20999df2af8eb42d56 -> 
  custom:audio-encoder-webm-vorbis: bf7c407c2cedff20999df2af8eb42d56 -> 
========================================================================
Received Prepare
Registering precompiled user dll's ...
Registered in 0.012292 seconds.
Begin MonoManager ReloadAssembly
Native extension for WindowsStandalone target not found
Refreshing native plugins compatible for Editor in 0.97 ms, found 4 plugins.
Preloading 0 native plugins for Editor in 0.00 ms.
TriLib is configured to use the 'UniversalRPMaterialMapper' Material Mapper. If you want to use different Material Mappers, you can change this setting on the Project Settings/TriLib area.
UnityEngine.StackTraceUtility:ExtractStackTrace ()
UnityEngine.DebugLogHandler:LogFormat (UnityEngine.LogType,UnityEngine.Object,string,object[])
UnityEngine.Logger:Log (UnityEngine.LogType,object)
UnityEngine.Debug:Log (object)
TriLibCore.Editor.CheckMappers:Initialize () (at Assets/TriLib/TriLibCore/Editor/Scripts/CheckMappers.cs:38)

(Filename: Assets/TriLib/TriLibCore/Editor/Scripts/CheckMappers.cs Line: 38)

CreateSerializedAsset is not supported while importing out-of-process
UnityEngine.StackTraceUtility:ExtractStackTrace ()
TriLibCore.TriLibSettings:GetTriLibPreferences () (at Assets/TriLib/TriLibCore/Scripts/TriLibSettings.cs:35)
TriLibCore.TriLibSettings:SetBool (string,bool) (at Assets/TriLib/TriLibCore/Scripts/TriLibSettings.cs:69)
TriLibCore.Editor.CheckMappers:Initialize () (at Assets/TriLib/TriLibCore/Editor/Scripts/CheckMappers.cs:39)

[Assets/TriLib/TriLibCore/Scripts/TriLibSettings.cs line 35]

UnityException: Creating asset at path Assets/TriLib/TriLibCore/Resources/TriLibSettings.asset failed.
  at (wrapper managed-to-native) UnityEditor.AssetDatabase.CreateAsset(UnityEngine.Object,string)
  at TriLibCore.TriLibSettings.GetTriLibPreferences () [0x00041] in C:\Users\User\Downloads\TangibleTest\Assets\TriLib\TriLibCore\Scripts\TriLibSettings.cs:35 
  at TriLibCore.TriLibSettings.SetBool (System.String key, System.Boolean value) [0x00001] in C:\Users\User\Downloads\TangibleTest\Assets\TriLib\TriLibCore\Scripts\TriLibSettings.cs:69 
  at TriLibCore.Editor.CheckMappers.Initialize () [0x0009b] in C:\Users\User\Downloads\TangibleTest\Assets\TriLib\TriLibCore\Editor\Scripts\CheckMappers.cs:39 

(Filename: Assets/TriLib/TriLibCore/Scripts/TriLibSettings.cs Line: 35)

Mono: successfully reloaded assembly
- Completed reload, in  1.648 seconds
Platform modules already initialized, skipping
Switching build target platform(19) subTarget(0) extendedPlatform(0) -> platform(13) subTarget(524288) extendedPlatform(0)
Shader 'Universal Render Pipeline/Particles/Lit': fallback shader 'Universal Render Pipeline/Particles/SimpleLit' not found
Refreshing native plugins compatible for Editor in 0.97 ms, found 4 plugins.
Preloading 0 native plugins for Editor in 0.00 ms.
Unloading 3228 Unused Serialized files (Serialized files now loaded: 0)
System memory in use before: 139.3 MB.
System memory in use after: 137.7 MB.

Unloading 260 unused Assets to reduce memory usage. Loaded Objects now: 3646.
Total: 4.176700 ms (FindLiveObjects: 0.517100 ms CreateObjectMapping: 0.177400 ms MarkObjects: 2.601600 ms  DeleteObjects: 0.879200 ms)

AssetImportParameters requested are different than current active one (requested -> active):
  custom:framework-win-MediaFoundation: 216162199b28c13a410421893ffa2e32 -> 
  custom:video-decoder-ogg-theora: a1e56fd34408186e4bbccfd4996cb3dc -> 
  custom:container-muxer-webm: aa71ff27fc2769a1b78a27578f13a17b -> 
  custom:container-demuxer-webm: 4f35f7cbe854078d1ac9338744f61a02 -> 
  custom:container-demuxer-ogg: 62fdf1f143b41e24485cea50d1cbac27 -> 
  custom:video-encoder-webm-vp8: eb34c28f22e8b96e1ab97ce403110664 -> 
  custom:video-decoder-webm-vp8: 9c59270c3fd7afecdb556c50c9e8de78 -> 
  custom:graphics/normal-map-encoding: 01000000000000000000000000000000 -> 02000000000000000000000000000000
  custom:audio-decoder-ogg-vorbis: bf7c407c2cedff20999df2af8eb42d56 -> 
  custom:audio-encoder-webm-vorbis: bf7c407c2cedff20999df2af8eb42d56 -> 
========================================================================
Received Prepare
Shader 'Universal Render Pipeline/Particles/Lit': fallback shader 'Universal Render Pipeline/Particles/SimpleLit' not found
Refreshing native plugins compatible for Editor in 13.46 ms, found 4 plugins.
Preloading 0 native plugins for Editor in 0.00 ms.
Unloading 42 Unused Serialized files (Serialized files now loaded: 0)
System memory in use before: 72.6 MB.
System memory in use after: 72.8 MB.

Unloading 41 unused Assets to reduce memory usage. Loaded Objects now: 3647.
Total: 4.041500 ms (FindLiveObjects: 0.386400 ms CreateObjectMapping: 0.152800 ms MarkObjects: 3.411300 ms  DeleteObjects: 0.089500 ms)

AssetImportParameters requested are different than current active one (requested -> active):
  custom:framework-win-MediaFoundation: 216162199b28c13a410421893ffa2e32 -> 
  custom:video-decoder-ogg-theora: a1e56fd34408186e4bbccfd4996cb3dc -> 
  custom:container-muxer-webm: aa71ff27fc2769a1b78a27578f13a17b -> 
  custom:container-demuxer-webm: 4f35f7cbe854078d1ac9338744f61a02 -> 
  custom:container-demuxer-ogg: 62fdf1f143b41e24485cea50d1cbac27 -> 
  custom:video-encoder-webm-vp8: eb34c28f22e8b96e1ab97ce403110664 -> 
  custom:video-decoder-webm-vp8: 9c59270c3fd7afecdb556c50c9e8de78 -> 
  custom:audio-decoder-ogg-vorbis: bf7c407c2cedff20999df2af8eb42d56 -> 
  custom:audio-encoder-webm-vorbis: bf7c407c2cedff20999df2af8eb42d56 -> 
========================================================================
Received Prepare
Registering precompiled user dll's ...
Registered in 0.016827 seconds.
Begin MonoManager ReloadAssembly
Native extension for WindowsStandalone target not found
Refreshing native plugins compatible for Editor in 0.98 ms, found 4 plugins.
Preloading 0 native plugins for Editor in 0.00 ms.
TriLib is configured to use the 'UniversalRPMaterialMapper' Material Mapper. If you want to use different Material Mappers, you can change this setting on the Project Settings/TriLib area.
UnityEngine.StackTraceUtility:ExtractStackTrace ()
UnityEngine.DebugLogHandler:LogFormat (UnityEngine.LogType,UnityEngine.Object,string,object[])
UnityEngine.Logger:Log (UnityEngine.LogType,object)
UnityEngine.Debug:Log (object)
TriLibCore.Editor.CheckMappers:Initialize () (at Assets/TriLib/TriLibCore/Editor/Scripts/CheckMappers.cs:38)

(Filename: Assets/TriLib/TriLibCore/Editor/Scripts/CheckMappers.cs Line: 38)

CreateSerializedAsset is not supported while importing out-of-process
UnityEngine.StackTraceUtility:ExtractStackTrace ()
TriLibCore.TriLibSettings:GetTriLibPreferences () (at Assets/TriLib/TriLibCore/Scripts/TriLibSettings.cs:35)
TriLibCore.TriLibSettings:SetBool (string,bool) (at Assets/TriLib/TriLibCore/Scripts/TriLibSettings.cs:69)
TriLibCore.Editor.CheckMappers:Initialize () (at Assets/TriLib/TriLibCore/Editor/Scripts/CheckMappers.cs:39)

[Assets/TriLib/TriLibCore/Scripts/TriLibSettings.cs line 35]

UnityException: Creating asset at path Assets/TriLib/TriLibCore/Resources/TriLibSettings.asset failed.
  at (wrapper managed-to-native) UnityEditor.AssetDatabase.CreateAsset(UnityEngine.Object,string)
  at TriLibCore.TriLibSettings.GetTriLibPreferences () [0x00041] in C:\Users\User\Downloads\TangibleTest\Assets\TriLib\TriLibCore\Scripts\TriLibSettings.cs:35 
  at TriLibCore.TriLibSettings.SetBool (System.String key, System.Boolean value) [0x00001] in C:\Users\User\Downloads\TangibleTest\Assets\TriLib\TriLibCore\Scripts\TriLibSettings.cs:69 
  at TriLibCore.Editor.CheckMappers.Initialize () [0x0009b] in C:\Users\User\Downloads\TangibleTest\Assets\TriLib\TriLibCore\Editor\Scripts\CheckMappers.cs:39 

(Filename: Assets/TriLib/TriLibCore/Scripts/TriLibSettings.cs Line: 35)

Mono: successfully reloaded assembly
- Completed reload, in  2.077 seconds
Platform modules already initialized, skipping
Switching build target platform(19) subTarget(0) extendedPlatform(0) -> platform(13) subTarget(524288) extendedPlatform(0)
Shader 'Universal Render Pipeline/Particles/Lit': fallback shader 'Universal Render Pipeline/Particles/SimpleLit' not found
Refreshing native plugins compatible for Editor in 0.92 ms, found 4 plugins.
Preloading 0 native plugins for Editor in 0.00 ms.
Unloading 3227 Unused Serialized files (Serialized files now loaded: 0)
System memory in use before: 139.2 MB.
System memory in use after: 137.6 MB.

Unloading 259 unused Assets to reduce memory usage. Loaded Objects now: 3652.
Total: 4.348700 ms (FindLiveObjects: 0.399000 ms CreateObjectMapping: 0.152300 ms MarkObjects: 2.815700 ms  DeleteObjects: 0.980200 ms)

AssetImportParameters requested are different than current active one (requested -> active):
  custom:framework-win-MediaFoundation: 216162199b28c13a410421893ffa2e32 -> 
  custom:video-decoder-ogg-theora: a1e56fd34408186e4bbccfd4996cb3dc -> 
  custom:container-muxer-webm: aa71ff27fc2769a1b78a27578f13a17b -> 
  custom:container-demuxer-webm: 4f35f7cbe854078d1ac9338744f61a02 -> 
  custom:container-demuxer-ogg: 62fdf1f143b41e24485cea50d1cbac27 -> 
  custom:video-encoder-webm-vp8: eb34c28f22e8b96e1ab97ce403110664 -> 
  custom:video-decoder-webm-vp8: 9c59270c3fd7afecdb556c50c9e8de78 -> 
  custom:graphics/normal-map-encoding: 01000000000000000000000000000000 -> 02000000000000000000000000000000
  custom:audio-decoder-ogg-vorbis: bf7c407c2cedff20999df2af8eb42d56 -> 
  custom:audio-encoder-webm-vorbis: bf7c407c2cedff20999df2af8eb42d56 -> 
========================================================================
Received Prepare
Registering precompiled user dll's ...
Registered in 0.019146 seconds.
Begin MonoManager ReloadAssembly
Native extension for WindowsStandalone target not found
Refreshing native plugins compatible for Editor in 0.90 ms, found 4 plugins.
Preloading 0 native plugins for Editor in 0.00 ms.
TriLib is configured to use the 'UniversalRPMaterialMapper' Material Mapper. If you want to use different Material Mappers, you can change this setting on the Project Settings/TriLib area.
UnityEngine.StackTraceUtility:ExtractStackTrace ()
UnityEngine.DebugLogHandler:LogFormat (UnityEngine.LogType,UnityEngine.Object,string,object[])
UnityEngine.Logger:Log (UnityEngine.LogType,object)
UnityEngine.Debug:Log (object)
TriLibCore.Editor.CheckMappers:Initialize () (at Assets/TriLib/TriLibCore/Editor/Scripts/CheckMappers.cs:38)

(Filename: Assets/TriLib/TriLibCore/Editor/Scripts/CheckMappers.cs Line: 38)

CreateSerializedAsset is not supported while importing out-of-process
UnityEngine.StackTraceUtility:ExtractStackTrace ()
TriLibCore.TriLibSettings:GetTriLibPreferences () (at Assets/TriLib/TriLibCore/Scripts/TriLibSettings.cs:35)
TriLibCore.TriLibSettings:SetBool (string,bool) (at Assets/TriLib/TriLibCore/Scripts/TriLibSettings.cs:69)
TriLibCore.Editor.CheckMappers:Initialize () (at Assets/TriLib/TriLibCore/Editor/Scripts/CheckMappers.cs:39)

[Assets/TriLib/TriLibCore/Scripts/TriLibSettings.cs line 35]

UnityException: Creating asset at path Assets/TriLib/TriLibCore/Resources/TriLibSettings.asset failed.
  at (wrapper managed-to-native) UnityEditor.AssetDatabase.CreateAsset(UnityEngine.Object,string)
  at TriLibCore.TriLibSettings.GetTriLibPreferences () [0x00041] in C:\Users\User\Downloads\TangibleTest\Assets\TriLib\TriLibCore\Scripts\TriLibSettings.cs:35 
  at TriLibCore.TriLibSettings.SetBool (System.String key, System.Boolean value) [0x00001] in C:\Users\User\Downloads\TangibleTest\Assets\TriLib\TriLibCore\Scripts\TriLibSettings.cs:69 
  at TriLibCore.Editor.CheckMappers.Initialize () [0x0009b] in C:\Users\User\Downloads\TangibleTest\Assets\TriLib\TriLibCore\Editor\Scripts\CheckMappers.cs:39 

(Filename: Assets/TriLib/TriLibCore/Scripts/TriLibSettings.cs Line: 35)

Mono: successfully reloaded assembly
- Completed reload, in  1.660 seconds
Platform modules already initialized, skipping
Switching build target platform(19) subTarget(0) extendedPlatform(0) -> platform(13) subTarget(524288) extendedPlatform(0)
Shader 'Universal Render Pipeline/Particles/Lit': fallback shader 'Universal Render Pipeline/Particles/SimpleLit' not found
Refreshing native plugins compatible for Editor in 0.92 ms, found 4 plugins.
Preloading 0 native plugins for Editor in 0.00 ms.
Unloading 3227 Unused Serialized files (Serialized files now loaded: 0)
System memory in use before: 139.2 MB.
System memory in use after: 137.6 MB.

Unloading 259 unused Assets to reduce memory usage. Loaded Objects now: 3657.
Total: 4.354000 ms (FindLiveObjects: 0.392000 ms CreateObjectMapping: 0.150200 ms MarkObjects: 2.956200 ms  DeleteObjects: 0.854300 ms)

AssetImportParameters requested are different than current active one (requested -> active):
  custom:framework-win-MediaFoundation: 216162199b28c13a410421893ffa2e32 -> 
  custom:video-decoder-ogg-theora: a1e56fd34408186e4bbccfd4996cb3dc -> 
  custom:container-muxer-webm: aa71ff27fc2769a1b78a27578f13a17b -> 
  custom:container-demuxer-webm: 4f35f7cbe854078d1ac9338744f61a02 -> 
  custom:container-demuxer-ogg: 62fdf1f143b41e24485cea50d1cbac27 -> 
  custom:video-encoder-webm-vp8: eb34c28f22e8b96e1ab97ce403110664 -> 
  custom:video-decoder-webm-vp8: 9c59270c3fd7afecdb556c50c9e8de78 -> 
  custom:graphics/normal-map-encoding: 01000000000000000000000000000000 -> 02000000000000000000000000000000
  custom:audio-decoder-ogg-vorbis: bf7c407c2cedff20999df2af8eb42d56 -> 
  custom:audio-encoder-webm-vorbis: bf7c407c2cedff20999df2af8eb42d56 -> 
========================================================================
Received Prepare
Registering precompiled user dll's ...
Registered in 0.013463 seconds.
Begin MonoManager ReloadAssembly
Native extension for WindowsStandalone target not found
Refreshing native plugins compatible for Editor in 0.86 ms, found 4 plugins.
Preloading 0 native plugins for Editor in 0.00 ms.
TriLib is configured to use the 'UniversalRPMaterialMapper' Material Mapper. If you want to use different Material Mappers, you can change this setting on the Project Settings/TriLib area.
UnityEngine.StackTraceUtility:ExtractStackTrace ()
UnityEngine.DebugLogHandler:LogFormat (UnityEngine.LogType,UnityEngine.Object,string,object[])
UnityEngine.Logger:Log (UnityEngine.LogType,object)
UnityEngine.Debug:Log (object)
TriLibCore.Editor.CheckMappers:Initialize () (at Assets/TriLib/TriLibCore/Editor/Scripts/CheckMappers.cs:38)

(Filename: Assets/TriLib/TriLibCore/Editor/Scripts/CheckMappers.cs Line: 38)

CreateSerializedAsset is not supported while importing out-of-process
UnityEngine.StackTraceUtility:ExtractStackTrace ()
TriLibCore.TriLibSettings:GetTriLibPreferences () (at Assets/TriLib/TriLibCore/Scripts/TriLibSettings.cs:35)
TriLibCore.TriLibSettings:SetBool (string,bool) (at Assets/TriLib/TriLibCore/Scripts/TriLibSettings.cs:69)
TriLibCore.Editor.CheckMappers:Initialize () (at Assets/TriLib/TriLibCore/Editor/Scripts/CheckMappers.cs:39)

[Assets/TriLib/TriLibCore/Scripts/TriLibSettings.cs line 35]

UnityException: Creating asset at path Assets/TriLib/TriLibCore/Resources/TriLibSettings.asset failed.
  at (wrapper managed-to-native) UnityEditor.AssetDatabase.CreateAsset(UnityEngine.Object,string)
  at TriLibCore.TriLibSettings.GetTriLibPreferences () [0x00041] in C:\Users\User\Downloads\TangibleTest\Assets\TriLib\TriLibCore\Scripts\TriLibSettings.cs:35 
  at TriLibCore.TriLibSettings.SetBool (System.String key, System.Boolean value) [0x00001] in C:\Users\User\Downloads\TangibleTest\Assets\TriLib\TriLibCore\Scripts\TriLibSettings.cs:69 
  at TriLibCore.Editor.CheckMappers.Initialize () [0x0009b] in C:\Users\User\Downloads\TangibleTest\Assets\TriLib\TriLibCore\Editor\Scripts\CheckMappers.cs:39 

(Filename: Assets/TriLib/TriLibCore/Scripts/TriLibSettings.cs Line: 35)

Mono: successfully reloaded assembly
- Completed reload, in  2.070 seconds
Platform modules already initialized, skipping
Switching build target platform(19) subTarget(0) extendedPlatform(0) -> platform(13) subTarget(524288) extendedPlatform(0)
Shader 'Universal Render Pipeline/Particles/Lit': fallback shader 'Universal Render Pipeline/Particles/SimpleLit' not found
Refreshing native plugins compatible for Editor in 0.85 ms, found 4 plugins.
Preloading 0 native plugins for Editor in 0.00 ms.
Unloading 3227 Unused Serialized files (Serialized files now loaded: 0)
System memory in use before: 139.2 MB.
System memory in use after: 137.6 MB.

Unloading 259 unused Assets to reduce memory usage. Loaded Objects now: 3662.
Total: 4.213400 ms (FindLiveObjects: 0.411500 ms CreateObjectMapping: 0.154400 ms MarkObjects: 2.717900 ms  DeleteObjects: 0.928200 ms)

AssetImportParameters requested are different than current active one (requested -> active):
  custom:framework-win-MediaFoundation: 216162199b28c13a410421893ffa2e32 -> 
  custom:video-decoder-ogg-theora: a1e56fd34408186e4bbccfd4996cb3dc -> 
  custom:container-muxer-webm: aa71ff27fc2769a1b78a27578f13a17b -> 
  custom:container-demuxer-webm: 4f35f7cbe854078d1ac9338744f61a02 -> 
  custom:container-demuxer-ogg: 62fdf1f143b41e24485cea50d1cbac27 -> 
  custom:video-encoder-webm-vp8: eb34c28f22e8b96e1ab97ce403110664 -> 
  custom:video-decoder-webm-vp8: 9c59270c3fd7afecdb556c50c9e8de78 -> 
  custom:graphics/normal-map-encoding: 01000000000000000000000000000000 -> 02000000000000000000000000000000
  custom:audio-decoder-ogg-vorbis: bf7c407c2cedff20999df2af8eb42d56 -> 
  custom:audio-encoder-webm-vorbis: bf7c407c2cedff20999df2af8eb42d56 -> 
========================================================================
Received Prepare
Registering precompiled user dll's ...
Registered in 0.013896 seconds.
Begin MonoManager ReloadAssembly
Native extension for WindowsStandalone target not found
Refreshing native plugins compatible for Editor in 1.01 ms, found 4 plugins.
Preloading 0 native plugins for Editor in 0.00 ms.
TriLib is configured to use the 'UniversalRPMaterialMapper' Material Mapper. If you want to use different Material Mappers, you can change this setting on the Project Settings/TriLib area.
UnityEngine.StackTraceUtility:ExtractStackTrace ()
UnityEngine.DebugLogHandler:LogFormat (UnityEngine.LogType,UnityEngine.Object,string,object[])
UnityEngine.Logger:Log (UnityEngine.LogType,object)
UnityEngine.Debug:Log (object)
TriLibCore.Editor.CheckMappers:Initialize () (at Assets/TriLib/TriLibCore/Editor/Scripts/CheckMappers.cs:38)

(Filename: Assets/TriLib/TriLibCore/Editor/Scripts/CheckMappers.cs Line: 38)

CreateSerializedAsset is not supported while importing out-of-process
UnityEngine.StackTraceUtility:ExtractStackTrace ()
TriLibCore.TriLibSettings:GetTriLibPreferences () (at Assets/TriLib/TriLibCore/Scripts/TriLibSettings.cs:35)
TriLibCore.TriLibSettings:SetBool (string,bool) (at Assets/TriLib/TriLibCore/Scripts/TriLibSettings.cs:69)
TriLibCore.Editor.CheckMappers:Initialize () (at Assets/TriLib/TriLibCore/Editor/Scripts/CheckMappers.cs:39)

[Assets/TriLib/TriLibCore/Scripts/TriLibSettings.cs line 35]

UnityException: Creating asset at path Assets/TriLib/TriLibCore/Resources/TriLibSettings.asset failed.
  at (wrapper managed-to-native) UnityEditor.AssetDatabase.CreateAsset(UnityEngine.Object,string)
  at TriLibCore.TriLibSettings.GetTriLibPreferences () [0x00041] in C:\Users\User\Downloads\TangibleTest\Assets\TriLib\TriLibCore\Scripts\TriLibSettings.cs:35 
  at TriLibCore.TriLibSettings.SetBool (System.String key, System.Boolean value) [0x00001] in C:\Users\User\Downloads\TangibleTest\Assets\TriLib\TriLibCore\Scripts\TriLibSettings.cs:69 
  at TriLibCore.Editor.CheckMappers.Initialize () [0x0009b] in C:\Users\User\Downloads\TangibleTest\Assets\TriLib\TriLibCore\Editor\Scripts\CheckMappers.cs:39 

(Filename: Assets/TriLib/TriLibCore/Scripts/TriLibSettings.cs Line: 35)

Mono: successfully reloaded assembly
- Completed reload, in  1.708 seconds
Platform modules already initialized, skipping
Switching build target platform(19) subTarget(0) extendedPlatform(0) -> platform(13) subTarget(524288) extendedPlatform(0)
Shader 'Universal Render Pipeline/Particles/Lit': fallback shader 'Universal Render Pipeline/Particles/SimpleLit' not found
Refreshing native plugins compatible for Editor in 0.92 ms, found 4 plugins.
Preloading 0 native plugins for Editor in 0.00 ms.
Unloading 3227 Unused Serialized files (Serialized files now loaded: 0)
System memory in use before: 139.2 MB.
System memory in use after: 137.7 MB.

Unloading 259 unused Assets to reduce memory usage. Loaded Objects now: 3667.
Total: 4.109100 ms (FindLiveObjects: 0.329000 ms CreateObjectMapping: 0.163600 ms MarkObjects: 2.771900 ms  DeleteObjects: 0.843100 ms)

AssetImportParameters requested are different than current active one (requested -> active):
  custom:framework-win-MediaFoundation: 216162199b28c13a410421893ffa2e32 -> 
  custom:video-decoder-ogg-theora: a1e56fd34408186e4bbccfd4996cb3dc -> 
  custom:container-muxer-webm: aa71ff27fc2769a1b78a27578f13a17b -> 
  custom:container-demuxer-webm: 4f35f7cbe854078d1ac9338744f61a02 -> 
  custom:container-demuxer-ogg: 62fdf1f143b41e24485cea50d1cbac27 -> 
  custom:video-encoder-webm-vp8: eb34c28f22e8b96e1ab97ce403110664 -> 
  custom:video-decoder-webm-vp8: 9c59270c3fd7afecdb556c50c9e8de78 -> 
  custom:graphics/normal-map-encoding: 01000000000000000000000000000000 -> 02000000000000000000000000000000
  custom:audio-decoder-ogg-vorbis: bf7c407c2cedff20999df2af8eb42d56 -> 
  custom:audio-encoder-webm-vorbis: bf7c407c2cedff20999df2af8eb42d56 -> 
========================================================================
Received Prepare
Registering precompiled user dll's ...
Registered in 0.016352 seconds.
Begin MonoManager ReloadAssembly
Native extension for WindowsStandalone target not found
Refreshing native plugins compatible for Editor in 0.96 ms, found 4 plugins.
Preloading 0 native plugins for Editor in 0.00 ms.
TriLib is configured to use the 'UniversalRPMaterialMapper' Material Mapper. If you want to use different Material Mappers, you can change this setting on the Project Settings/TriLib area.
UnityEngine.StackTraceUtility:ExtractStackTrace ()
UnityEngine.DebugLogHandler:LogFormat (UnityEngine.LogType,UnityEngine.Object,string,object[])
UnityEngine.Logger:Log (UnityEngine.LogType,object)
UnityEngine.Debug:Log (object)
TriLibCore.Editor.CheckMappers:Initialize () (at Assets/TriLib/TriLibCore/Editor/Scripts/CheckMappers.cs:38)

(Filename: Assets/TriLib/TriLibCore/Editor/Scripts/CheckMappers.cs Line: 38)

CreateSerializedAsset is not supported while importing out-of-process
UnityEngine.StackTraceUtility:ExtractStackTrace ()
TriLibCore.TriLibSettings:GetTriLibPreferences () (at Assets/TriLib/TriLibCore/Scripts/TriLibSettings.cs:35)
TriLibCore.TriLibSettings:SetBool (string,bool) (at Assets/TriLib/TriLibCore/Scripts/TriLibSettings.cs:69)
TriLibCore.Editor.CheckMappers:Initialize () (at Assets/TriLib/TriLibCore/Editor/Scripts/CheckMappers.cs:39)

[Assets/TriLib/TriLibCore/Scripts/TriLibSettings.cs line 35]

UnityException: Creating asset at path Assets/TriLib/TriLibCore/Resources/TriLibSettings.asset failed.
  at (wrapper managed-to-native) UnityEditor.AssetDatabase.CreateAsset(UnityEngine.Object,string)
  at TriLibCore.TriLibSettings.GetTriLibPreferences () [0x00041] in C:\Users\User\Downloads\TangibleTest\Assets\TriLib\TriLibCore\Scripts\TriLibSettings.cs:35 
  at TriLibCore.TriLibSettings.SetBool (System.String key, System.Boolean value) [0x00001] in C:\Users\User\Downloads\TangibleTest\Assets\TriLib\TriLibCore\Scripts\TriLibSettings.cs:69 
  at TriLibCore.Editor.CheckMappers.Initialize () [0x0009b] in C:\Users\User\Downloads\TangibleTest\Assets\TriLib\TriLibCore\Editor\Scripts\CheckMappers.cs:39 

(Filename: Assets/TriLib/TriLibCore/Scripts/TriLibSettings.cs Line: 35)

Mono: successfully reloaded assembly
- Completed reload, in  1.659 seconds
Platform modules already initialized, skipping
Switching build target platform(19) subTarget(0) extendedPlatform(0) -> platform(13) subTarget(524288) extendedPlatform(0)
Shader 'Universal Render Pipeline/Particles/Lit': fallback shader 'Universal Render Pipeline/Particles/SimpleLit' not found
Refreshing native plugins compatible for Editor in 0.88 ms, found 4 plugins.
Preloading 0 native plugins for Editor in 0.00 ms.
Unloading 3227 Unused Serialized files (Serialized files now loaded: 0)
System memory in use before: 139.2 MB.
System memory in use after: 137.7 MB.

Unloading 259 unused Assets to reduce memory usage. Loaded Objects now: 3672.
Total: 4.243100 ms (FindLiveObjects: 0.304600 ms CreateObjectMapping: 0.308700 ms MarkObjects: 2.743700 ms  DeleteObjects: 0.884600 ms)

AssetImportParameters requested are different than current active one (requested -> active):
  custom:framework-win-MediaFoundation: 216162199b28c13a410421893ffa2e32 -> 
  custom:video-decoder-ogg-theora: a1e56fd34408186e4bbccfd4996cb3dc -> 
  custom:container-muxer-webm: aa71ff27fc2769a1b78a27578f13a17b -> 
  custom:container-demuxer-webm: 4f35f7cbe854078d1ac9338744f61a02 -> 
  custom:container-demuxer-ogg: 62fdf1f143b41e24485cea50d1cbac27 -> 
  custom:video-encoder-webm-vp8: eb34c28f22e8b96e1ab97ce403110664 -> 
  custom:video-decoder-webm-vp8: 9c59270c3fd7afecdb556c50c9e8de78 -> 
  custom:graphics/normal-map-encoding: 01000000000000000000000000000000 -> 02000000000000000000000000000000
  custom:audio-decoder-ogg-vorbis: bf7c407c2cedff20999df2af8eb42d56 -> 
  custom:audio-encoder-webm-vorbis: bf7c407c2cedff20999df2af8eb42d56 -> 
========================================================================
Received Prepare
Registering precompiled user dll's ...
Registered in 0.012512 seconds.
Begin MonoManager ReloadAssembly
Native extension for WindowsStandalone target not found
Refreshing native plugins compatible for Editor in 0.89 ms, found 4 plugins.
Preloading 0 native plugins for Editor in 0.00 ms.
TriLib is configured to use the 'UniversalRPMaterialMapper' Material Mapper. If you want to use different Material Mappers, you can change this setting on the Project Settings/TriLib area.
UnityEngine.StackTraceUtility:ExtractStackTrace ()
UnityEngine.DebugLogHandler:LogFormat (UnityEngine.LogType,UnityEngine.Object,string,object[])
UnityEngine.Logger:Log (UnityEngine.LogType,object)
UnityEngine.Debug:Log (object)
TriLibCore.Editor.CheckMappers:Initialize () (at Assets/TriLib/TriLibCore/Editor/Scripts/CheckMappers.cs:38)

(Filename: Assets/TriLib/TriLibCore/Editor/Scripts/CheckMappers.cs Line: 38)

CreateSerializedAsset is not supported while importing out-of-process
UnityEngine.StackTraceUtility:ExtractStackTrace ()
TriLibCore.TriLibSettings:GetTriLibPreferences () (at Assets/TriLib/TriLibCore/Scripts/TriLibSettings.cs:35)
TriLibCore.TriLibSettings:SetBool (string,bool) (at Assets/TriLib/TriLibCore/Scripts/TriLibSettings.cs:69)
TriLibCore.Editor.CheckMappers:Initialize () (at Assets/TriLib/TriLibCore/Editor/Scripts/CheckMappers.cs:39)

[Assets/TriLib/TriLibCore/Scripts/TriLibSettings.cs line 35]

UnityException: Creating asset at path Assets/TriLib/TriLibCore/Resources/TriLibSettings.asset failed.
  at (wrapper managed-to-native) UnityEditor.AssetDatabase.CreateAsset(UnityEngine.Object,string)
  at TriLibCore.TriLibSettings.GetTriLibPreferences () [0x00041] in C:\Users\User\Downloads\TangibleTest\Assets\TriLib\TriLibCore\Scripts\TriLibSettings.cs:35 
  at TriLibCore.TriLibSettings.SetBool (System.String key, System.Boolean value) [0x00001] in C:\Users\User\Downloads\TangibleTest\Assets\TriLib\TriLibCore\Scripts\TriLibSettings.cs:69 
  at TriLibCore.Editor.CheckMappers.Initialize () [0x0009b] in C:\Users\User\Downloads\TangibleTest\Assets\TriLib\TriLibCore\Editor\Scripts\CheckMappers.cs:39 

(Filename: Assets/TriLib/TriLibCore/Scripts/TriLibSettings.cs Line: 35)

Mono: successfully reloaded assembly
- Completed reload, in  1.657 seconds
Platform modules already initialized, skipping
Switching build target platform(19) subTarget(0) extendedPlatform(0) -> platform(13) subTarget(524288) extendedPlatform(0)
Shader 'Universal Render Pipeline/Particles/Lit': fallback shader 'Universal Render Pipeline/Particles/SimpleLit' not found
Refreshing native plugins compatible for Editor in 0.87 ms, found 4 plugins.
Preloading 0 native plugins for Editor in 0.00 ms.
Unloading 3227 Unused Serialized files (Serialized files now loaded: 0)
System memory in use before: 139.2 MB.
System memory in use after: 137.7 MB.

Unloading 259 unused Assets to reduce memory usage. Loaded Objects now: 3677.
Total: 3.917700 ms (FindLiveObjects: 0.305000 ms CreateObjectMapping: 0.149300 ms MarkObjects: 2.649000 ms  DeleteObjects: 0.813200 ms)

AssetImportParameters requested are different than current active one (requested -> active):
  custom:framework-win-MediaFoundation: 216162199b28c13a410421893ffa2e32 -> 
  custom:video-decoder-ogg-theora: a1e56fd34408186e4bbccfd4996cb3dc -> 
  custom:container-muxer-webm: aa71ff27fc2769a1b78a27578f13a17b -> 
  custom:container-demuxer-webm: 4f35f7cbe854078d1ac9338744f61a02 -> 
  custom:container-demuxer-ogg: 62fdf1f143b41e24485cea50d1cbac27 -> 
  custom:video-encoder-webm-vp8: eb34c28f22e8b96e1ab97ce403110664 -> 
  custom:video-decoder-webm-vp8: 9c59270c3fd7afecdb556c50c9e8de78 -> 
  custom:graphics/normal-map-encoding: 01000000000000000000000000000000 -> 02000000000000000000000000000000
  custom:audio-decoder-ogg-vorbis: bf7c407c2cedff20999df2af8eb42d56 -> 
  custom:audio-encoder-webm-vorbis: bf7c407c2cedff20999df2af8eb42d56 -> 
========================================================================
Received Prepare
Registering precompiled user dll's ...
Registered in 0.013623 seconds.
Begin MonoManager ReloadAssembly
Native extension for WindowsStandalone target not found
Refreshing native plugins compatible for Editor in 1.19 ms, found 4 plugins.
Preloading 0 native plugins for Editor in 0.00 ms.
TriLib is configured to use the 'UniversalRPMaterialMapper' Material Mapper. If you want to use different Material Mappers, you can change this setting on the Project Settings/TriLib area.
UnityEngine.StackTraceUtility:ExtractStackTrace ()
UnityEngine.DebugLogHandler:LogFormat (UnityEngine.LogType,UnityEngine.Object,string,object[])
UnityEngine.Logger:Log (UnityEngine.LogType,object)
UnityEngine.Debug:Log (object)
TriLibCore.Editor.CheckMappers:Initialize () (at Assets/TriLib/TriLibCore/Editor/Scripts/CheckMappers.cs:38)

(Filename: Assets/TriLib/TriLibCore/Editor/Scripts/CheckMappers.cs Line: 38)

CreateSerializedAsset is not supported while importing out-of-process
UnityEngine.StackTraceUtility:ExtractStackTrace ()
TriLibCore.TriLibSettings:GetTriLibPreferences () (at Assets/TriLib/TriLibCore/Scripts/TriLibSettings.cs:35)
TriLibCore.TriLibSettings:SetBool (string,bool) (at Assets/TriLib/TriLibCore/Scripts/TriLibSettings.cs:69)
TriLibCore.Editor.CheckMappers:Initialize () (at Assets/TriLib/TriLibCore/Editor/Scripts/CheckMappers.cs:39)

[Assets/TriLib/TriLibCore/Scripts/TriLibSettings.cs line 35]

UnityException: Creating asset at path Assets/TriLib/TriLibCore/Resources/TriLibSettings.asset failed.
  at (wrapper managed-to-native) UnityEditor.AssetDatabase.CreateAsset(UnityEngine.Object,string)
  at TriLibCore.TriLibSettings.GetTriLibPreferences () [0x00041] in C:\Users\User\Downloads\TangibleTest\Assets\TriLib\TriLibCore\Scripts\TriLibSettings.cs:35 
  at TriLibCore.TriLibSettings.SetBool (System.String key, System.Boolean value) [0x00001] in C:\Users\User\Downloads\TangibleTest\Assets\TriLib\TriLibCore\Scripts\TriLibSettings.cs:69 
  at TriLibCore.Editor.CheckMappers.Initialize () [0x0009b] in C:\Users\User\Downloads\TangibleTest\Assets\TriLib\TriLibCore\Editor\Scripts\CheckMappers.cs:39 

(Filename: Assets/TriLib/TriLibCore/Scripts/TriLibSettings.cs Line: 35)

Mono: successfully reloaded assembly
- Completed reload, in  1.787 seconds
Platform modules already initialized, skipping
Switching build target platform(19) subTarget(0) extendedPlatform(0) -> platform(13) subTarget(524288) extendedPlatform(0)
Shader 'Universal Render Pipeline/Particles/Lit': fallback shader 'Universal Render Pipeline/Particles/SimpleLit' not found
Refreshing native plugins compatible for Editor in 1.49 ms, found 4 plugins.
Preloading 0 native plugins for Editor in 0.00 ms.
Unloading 3227 Unused Serialized files (Serialized files now loaded: 0)
System memory in use before: 139.3 MB.
System memory in use after: 137.7 MB.

Unloading 260 unused Assets to reduce memory usage. Loaded Objects now: 3681.
Total: 4.481600 ms (FindLiveObjects: 0.468500 ms CreateObjectMapping: 0.339500 ms MarkObjects: 2.839600 ms  DeleteObjects: 0.832700 ms)

AssetImportParameters requested are different than current active one (requested -> active):
  custom:framework-win-MediaFoundation: 216162199b28c13a410421893ffa2e32 -> 
  custom:video-decoder-ogg-theora: a1e56fd34408186e4bbccfd4996cb3dc -> 
  custom:container-muxer-webm: aa71ff27fc2769a1b78a27578f13a17b -> 
  custom:container-demuxer-webm: 4f35f7cbe854078d1ac9338744f61a02 -> 
  custom:container-demuxer-ogg: 62fdf1f143b41e24485cea50d1cbac27 -> 
  custom:video-encoder-webm-vp8: eb34c28f22e8b96e1ab97ce403110664 -> 
  custom:video-decoder-webm-vp8: 9c59270c3fd7afecdb556c50c9e8de78 -> 
  custom:graphics/normal-map-encoding: 01000000000000000000000000000000 -> 02000000000000000000000000000000
  custom:audio-decoder-ogg-vorbis: bf7c407c2cedff20999df2af8eb42d56 -> 
  custom:audio-encoder-webm-vorbis: bf7c407c2cedff20999df2af8eb42d56 -> 
========================================================================
Received Prepare
Registering precompiled user dll's ...
Registered in 0.016377 seconds.
Begin MonoManager ReloadAssembly
Native extension for WindowsStandalone target not found
Refreshing native plugins compatible for Editor in 0.90 ms, found 4 plugins.
Preloading 0 native plugins for Editor in 0.00 ms.
TriLib is configured to use the 'UniversalRPMaterialMapper' Material Mapper. If you want to use different Material Mappers, you can change this setting on the Project Settings/TriLib area.
UnityEngine.StackTraceUtility:ExtractStackTrace ()
UnityEngine.DebugLogHandler:LogFormat (UnityEngine.LogType,UnityEngine.Object,string,object[])
UnityEngine.Logger:Log (UnityEngine.LogType,object)
UnityEngine.Debug:Log (object)
TriLibCore.Editor.CheckMappers:Initialize () (at Assets/TriLib/TriLibCore/Editor/Scripts/CheckMappers.cs:38)

(Filename: Assets/TriLib/TriLibCore/Editor/Scripts/CheckMappers.cs Line: 38)

CreateSerializedAsset is not supported while importing out-of-process
UnityEngine.StackTraceUtility:ExtractStackTrace ()
TriLibCore.TriLibSettings:GetTriLibPreferences () (at Assets/TriLib/TriLibCore/Scripts/TriLibSettings.cs:35)
TriLibCore.TriLibSettings:SetBool (string,bool) (at Assets/TriLib/TriLibCore/Scripts/TriLibSettings.cs:69)
TriLibCore.Editor.CheckMappers:Initialize () (at Assets/TriLib/TriLibCore/Editor/Scripts/CheckMappers.cs:39)

[Assets/TriLib/TriLibCore/Scripts/TriLibSettings.cs line 35]

UnityException: Creating asset at path Assets/TriLib/TriLibCore/Resources/TriLibSettings.asset failed.
  at (wrapper managed-to-native) UnityEditor.AssetDatabase.CreateAsset(UnityEngine.Object,string)
  at TriLibCore.TriLibSettings.GetTriLibPreferences () [0x00041] in C:\Users\User\Downloads\TangibleTest\Assets\TriLib\TriLibCore\Scripts\TriLibSettings.cs:35 
  at TriLibCore.TriLibSettings.SetBool (System.String key, System.Boolean value) [0x00001] in C:\Users\User\Downloads\TangibleTest\Assets\TriLib\TriLibCore\Scripts\TriLibSettings.cs:69 
  at TriLibCore.Editor.CheckMappers.Initialize () [0x0009b] in C:\Users\User\Downloads\TangibleTest\Assets\TriLib\TriLibCore\Editor\Scripts\CheckMappers.cs:39 

(Filename: Assets/TriLib/TriLibCore/Scripts/TriLibSettings.cs Line: 35)

Mono: successfully reloaded assembly
- Completed reload, in  1.637 seconds
Platform modules already initialized, skipping
Switching build target platform(19) subTarget(0) extendedPlatform(0) -> platform(13) subTarget(524288) extendedPlatform(0)
Shader 'Universal Render Pipeline/Particles/Lit': fallback shader 'Universal Render Pipeline/Particles/SimpleLit' not found
Refreshing native plugins compatible for Editor in 0.88 ms, found 4 plugins.
Preloading 0 native plugins for Editor in 0.00 ms.
Unloading 3228 Unused Serialized files (Serialized files now loaded: 0)
System memory in use before: 139.4 MB.
System memory in use after: 137.8 MB.

Unloading 260 unused Assets to reduce memory usage. Loaded Objects now: 3686.
Total: 4.231500 ms (FindLiveObjects: 0.381200 ms CreateObjectMapping: 0.152400 ms MarkObjects: 2.802000 ms  DeleteObjects: 0.894700 ms)

AssetImportParameters requested are different than current active one (requested -> active):
  custom:framework-win-MediaFoundation: 216162199b28c13a410421893ffa2e32 -> 
  custom:video-decoder-ogg-theora: a1e56fd34408186e4bbccfd4996cb3dc -> 
  custom:container-muxer-webm: aa71ff27fc2769a1b78a27578f13a17b -> 
  custom:container-demuxer-webm: 4f35f7cbe854078d1ac9338744f61a02 -> 
  custom:container-demuxer-ogg: 62fdf1f143b41e24485cea50d1cbac27 -> 
  custom:video-encoder-webm-vp8: eb34c28f22e8b96e1ab97ce403110664 -> 
  custom:video-decoder-webm-vp8: 9c59270c3fd7afecdb556c50c9e8de78 -> 
  custom:graphics/normal-map-encoding: 01000000000000000000000000000000 -> 02000000000000000000000000000000
  custom:audio-decoder-ogg-vorbis: bf7c407c2cedff20999df2af8eb42d56 -> 
  custom:audio-encoder-webm-vorbis: bf7c407c2cedff20999df2af8eb42d56 -> 
========================================================================
Received Prepare
Registering precompiled user dll's ...
Registered in 0.012613 seconds.
Begin MonoManager ReloadAssembly
Native extension for WindowsStandalone target not found
Refreshing native plugins compatible for Editor in 0.88 ms, found 4 plugins.
Preloading 0 native plugins for Editor in 0.00 ms.
TriLib is configured to use the 'UniversalRPMaterialMapper' Material Mapper. If you want to use different Material Mappers, you can change this setting on the Project Settings/TriLib area.
UnityEngine.StackTraceUtility:ExtractStackTrace ()
UnityEngine.DebugLogHandler:LogFormat (UnityEngine.LogType,UnityEngine.Object,string,object[])
UnityEngine.Logger:Log (UnityEngine.LogType,object)
UnityEngine.Debug:Log (object)
TriLibCore.Editor.CheckMappers:Initialize () (at Assets/TriLib/TriLibCore/Editor/Scripts/CheckMappers.cs:38)

(Filename: Assets/TriLib/TriLibCore/Editor/Scripts/CheckMappers.cs Line: 38)

CreateSerializedAsset is not supported while importing out-of-process
UnityEngine.StackTraceUtility:ExtractStackTrace ()
TriLibCore.TriLibSettings:GetTriLibPreferences () (at Assets/TriLib/TriLibCore/Scripts/TriLibSettings.cs:35)
TriLibCore.TriLibSettings:SetBool (string,bool) (at Assets/TriLib/TriLibCore/Scripts/TriLibSettings.cs:69)
TriLibCore.Editor.CheckMappers:Initialize () (at Assets/TriLib/TriLibCore/Editor/Scripts/CheckMappers.cs:39)

[Assets/TriLib/TriLibCore/Scripts/TriLibSettings.cs line 35]

UnityException: Creating asset at path Assets/TriLib/TriLibCore/Resources/TriLibSettings.asset failed.
  at (wrapper managed-to-native) UnityEditor.AssetDatabase.CreateAsset(UnityEngine.Object,string)
  at TriLibCore.TriLibSettings.GetTriLibPreferences () [0x00041] in C:\Users\User\Downloads\TangibleTest\Assets\TriLib\TriLibCore\Scripts\TriLibSettings.cs:35 
  at TriLibCore.TriLibSettings.SetBool (System.String key, System.Boolean value) [0x00001] in C:\Users\User\Downloads\TangibleTest\Assets\TriLib\TriLibCore\Scripts\TriLibSettings.cs:69 
  at TriLibCore.Editor.CheckMappers.Initialize () [0x0009b] in C:\Users\User\Downloads\TangibleTest\Assets\TriLib\TriLibCore\Editor\Scripts\CheckMappers.cs:39 

(Filename: Assets/TriLib/TriLibCore/Scripts/TriLibSettings.cs Line: 35)

Mono: successfully reloaded assembly
- Completed reload, in  1.660 seconds
Platform modules already initialized, skipping
Switching build target platform(19) subTarget(0) extendedPlatform(0) -> platform(13) subTarget(524288) extendedPlatform(0)
Shader 'Universal Render Pipeline/Particles/Lit': fallback shader 'Universal Render Pipeline/Particles/SimpleLit' not found
Refreshing native plugins compatible for Editor in 0.85 ms, found 4 plugins.
Preloading 0 native plugins for Editor in 0.00 ms.
Unloading 3228 Unused Serialized files (Serialized files now loaded: 0)
System memory in use before: 139.4 MB.
System memory in use after: 137.8 MB.

Unloading 260 unused Assets to reduce memory usage. Loaded Objects now: 3691.
Total: 4.328700 ms (FindLiveObjects: 0.402400 ms CreateObjectMapping: 0.156300 ms MarkObjects: 2.906900 ms  DeleteObjects: 0.861800 ms)

AssetImportParameters requested are different than current active one (requested -> active):
  custom:framework-win-MediaFoundation: 216162199b28c13a410421893ffa2e32 -> 
  custom:video-decoder-ogg-theora: a1e56fd34408186e4bbccfd4996cb3dc -> 
  custom:container-muxer-webm: aa71ff27fc2769a1b78a27578f13a17b -> 
  custom:container-demuxer-webm: 4f35f7cbe854078d1ac9338744f61a02 -> 
  custom:container-demuxer-ogg: 62fdf1f143b41e24485cea50d1cbac27 -> 
  custom:video-encoder-webm-vp8: eb34c28f22e8b96e1ab97ce403110664 -> 
  custom:video-decoder-webm-vp8: 9c59270c3fd7afecdb556c50c9e8de78 -> 
  custom:graphics/normal-map-encoding: 01000000000000000000000000000000 -> 02000000000000000000000000000000
  custom:audio-decoder-ogg-vorbis: bf7c407c2cedff20999df2af8eb42d56 -> 
  custom:audio-encoder-webm-vorbis: bf7c407c2cedff20999df2af8eb42d56 -> 
========================================================================
Received Prepare
Shader 'Universal Render Pipeline/Particles/Lit': fallback shader 'Universal Render Pipeline/Particles/SimpleLit' not found
Refreshing native plugins compatible for Editor in 12.69 ms, found 4 plugins.
Preloading 0 native plugins for Editor in 0.00 ms.
Unloading 42 Unused Serialized files (Serialized files now loaded: 0)
System memory in use before: 72.7 MB.
System memory in use after: 72.9 MB.

Unloading 41 unused Assets to reduce memory usage. Loaded Objects now: 3692.
Total: 3.807000 ms (FindLiveObjects: 0.604300 ms CreateObjectMapping: 0.229600 ms MarkObjects: 2.888300 ms  DeleteObjects: 0.083400 ms)

AssetImportParameters requested are different than current active one (requested -> active):
  custom:framework-win-MediaFoundation: 216162199b28c13a410421893ffa2e32 -> 
  custom:video-decoder-ogg-theora: a1e56fd34408186e4bbccfd4996cb3dc -> 
  custom:container-muxer-webm: aa71ff27fc2769a1b78a27578f13a17b -> 
  custom:container-demuxer-webm: 4f35f7cbe854078d1ac9338744f61a02 -> 
  custom:container-demuxer-ogg: 62fdf1f143b41e24485cea50d1cbac27 -> 
  custom:video-encoder-webm-vp8: eb34c28f22e8b96e1ab97ce403110664 -> 
  custom:video-decoder-webm-vp8: 9c59270c3fd7afecdb556c50c9e8de78 -> 
  custom:audio-decoder-ogg-vorbis: bf7c407c2cedff20999df2af8eb42d56 -> 
  custom:audio-encoder-webm-vorbis: bf7c407c2cedff20999df2af8eb42d56 -> 
========================================================================
Received Import Request.
  Time since last request: 4440.823224 seconds.
  path: Assets/Scripts/AR/ARInteractionManager.cs
  artifactKey: Guid(c91478ff96c862d4b9bfe2e89d5675ba) Importer(815301076,1909f56bfc062723c751e8b465ee728b)
Start importing Assets/Scripts/AR/ARInteractionManager.cs using Guid(c91478ff96c862d4b9bfe2e89d5675ba) Importer(815301076,1909f56bfc062723c751e8b465ee728b)  -> (artifact id: '123dbb0c2fbb744af556cbb958f14ecc') in 0.018979 seconds 
  Import took 0.030836 seconds .

========================================================================
Received Import Request.
  Time since last request: 0.024999 seconds.
  path: Assets/Scripts/AR/ARInteractionManager.cs
  artifactKey: Guid(c91478ff96c862d4b9bfe2e89d5675ba) Importer(815301076,1909f56bfc062723c751e8b465ee728b)
Start importing Assets/Scripts/AR/ARInteractionManager.cs using Guid(c91478ff96c862d4b9bfe2e89d5675ba) Importer(815301076,1909f56bfc062723c751e8b465ee728b)  -> (artifact id: '123dbb0c2fbb744af556cbb958f14ecc') in 0.002542 seconds 
  Import took 0.009320 seconds .

AssetImportWorkerClient::OnTransportError - code=2 error=End of file
